2025-12-05 01:40:01,607 [INFO] Scraper starting...
2025-12-05 01:40:01,607 [INFO] DB consumer starting...
2025-12-05 01:40:08,869 [INFO] Applying sorting: Bid Start Date -> Latest
2025-12-05 01:40:11,141 [INFO] Found 43362 records across 4337 pages.
2025-12-05 01:40:13,001 [INFO] DB: upserted 1 rows.
2025-12-05 01:40:18,791 [INFO] DB: upserted 20 rows.
2025-12-05 01:40:24,561 [INFO] DB: upserted 20 rows.
2025-12-05 01:40:30,183 [INFO] DB: upserted 19 rows.
2025-12-05 01:40:35,419 [INFO] DB: upserted 20 rows.
2025-12-05 01:40:41,292 [INFO] DB: upserted 20 rows.
2025-12-05 01:40:46,706 [INFO] DB: upserted 20 rows.
2025-12-05 01:40:52,575 [INFO] DB: upserted 20 rows.
2025-12-05 01:40:58,491 [INFO] DB: upserted 20 rows.
2025-12-05 01:41:04,442 [INFO] DB: upserted 20 rows.
2025-12-05 01:41:10,175 [INFO] DB: upserted 20 rows.
2025-12-05 01:41:15,843 [INFO] DB: upserted 20 rows.
2025-12-05 01:41:21,482 [INFO] DB: upserted 20 rows.
2025-12-05 01:41:27,215 [INFO] DB: upserted 20 rows.
2025-12-05 01:41:32,501 [INFO] DB: upserted 20 rows.
2025-12-05 01:41:38,047 [INFO] DB: upserted 20 rows.
2025-12-05 01:41:43,830 [INFO] DB: upserted 20 rows.
2025-12-05 01:41:48,885 [INFO] DB: upserted 11 rows.
2025-12-05 01:41:54,215 [INFO] DB: upserted 20 rows.
2025-12-05 01:41:59,389 [INFO] DB: upserted 20 rows.
2025-12-05 01:42:04,881 [INFO] DB: upserted 20 rows.
2025-12-05 01:42:10,259 [INFO] DB: upserted 20 rows.
2025-12-05 01:42:15,905 [INFO] DB: upserted 20 rows.
2025-12-05 01:42:21,899 [INFO] DB: upserted 19 rows.
2025-12-05 01:42:27,438 [INFO] DB: upserted 20 rows.
2025-12-05 01:42:33,238 [INFO] DB: upserted 20 rows.
2025-12-05 01:42:38,392 [INFO] DB: upserted 10 rows.
2025-12-05 01:42:44,240 [INFO] DB: upserted 20 rows.
2025-12-05 01:42:49,844 [INFO] DB: upserted 20 rows.
2025-12-05 01:42:55,170 [INFO] DB: upserted 11 rows.
2025-12-05 01:43:01,140 [INFO] DB: upserted 19 rows.
2025-12-05 01:43:06,526 [INFO] DB: upserted 20 rows.
2025-12-05 01:43:11,591 [INFO] DB: upserted 20 rows.
2025-12-05 01:43:16,665 [INFO] DB: upserted 10 rows.
2025-12-05 01:43:22,040 [INFO] DB: upserted 20 rows.
2025-12-05 01:43:27,892 [INFO] DB: upserted 20 rows.
2025-12-05 01:43:33,668 [INFO] DB: upserted 20 rows.
2025-12-05 01:43:39,486 [INFO] DB: upserted 20 rows.
2025-12-05 01:43:45,029 [INFO] DB: upserted 20 rows.
2025-12-05 01:43:50,221 [INFO] DB: upserted 20 rows.
2025-12-05 01:43:55,494 [INFO] DB: upserted 11 rows.
2025-12-05 01:44:00,595 [INFO] DB: upserted 19 rows.
2025-12-05 01:44:05,865 [INFO] DB: upserted 11 rows.
2025-12-05 01:44:10,998 [INFO] DB: upserted 19 rows.
2025-12-05 01:44:16,117 [INFO] DB: upserted 20 rows.
2025-12-05 01:44:22,146 [INFO] DB: upserted 20 rows.
2025-12-05 01:44:27,695 [INFO] DB: upserted 10 rows.
2025-12-05 01:44:33,019 [INFO] DB: upserted 20 rows.
2025-12-05 01:44:38,187 [INFO] DB: upserted 20 rows.
2025-12-05 01:44:43,219 [INFO] DB: upserted 11 rows.
2025-12-05 01:44:48,988 [INFO] DB: upserted 19 rows.
2025-12-05 01:44:54,131 [INFO] DB: upserted 20 rows.
2025-12-05 01:44:59,936 [INFO] DB: upserted 20 rows.
2025-12-05 01:45:05,868 [INFO] DB: upserted 20 rows.
2025-12-05 01:45:11,446 [INFO] DB: upserted 20 rows.
2025-12-05 01:45:17,018 [INFO] DB: upserted 10 rows.
2025-12-05 01:45:22,416 [INFO] DB: upserted 20 rows.
2025-12-05 01:45:27,928 [INFO] DB: upserted 20 rows.
2025-12-05 01:45:32,977 [INFO] DB: upserted 11 rows.
2025-12-05 01:45:38,488 [INFO] DB: upserted 20 rows.
2025-12-05 01:45:43,639 [INFO] DB: upserted 19 rows.
2025-12-05 01:45:48,677 [INFO] DB: upserted 20 rows.
2025-12-05 01:45:53,708 [INFO] DB: upserted 11 rows.
2025-12-05 01:45:59,554 [INFO] DB: upserted 19 rows.
2025-12-05 01:46:05,437 [INFO] DB: upserted 21 rows.
2025-12-05 01:46:10,468 [INFO] DB: upserted 19 rows.
2025-12-05 01:46:15,938 [INFO] DB: upserted 20 rows.
2025-12-05 01:46:21,762 [INFO] DB: upserted 20 rows.
2025-12-05 01:46:27,768 [INFO] DB: upserted 20 rows.
2025-12-05 01:46:33,301 [INFO] DB: upserted 20 rows.
2025-12-05 01:46:39,156 [INFO] DB: upserted 20 rows.
2025-12-05 01:46:45,134 [INFO] DB: upserted 20 rows.
2025-12-05 01:46:50,314 [INFO] DB: upserted 10 rows.
2025-12-05 01:46:56,315 [INFO] DB: upserted 20 rows.
2025-12-05 01:47:02,012 [INFO] DB: upserted 20 rows.
2025-12-05 01:47:07,467 [INFO] DB: upserted 10 rows.
2025-12-05 01:47:12,984 [INFO] DB: upserted 20 rows.
2025-12-05 01:47:18,616 [INFO] DB: upserted 20 rows.
2025-12-05 01:47:23,926 [INFO] DB: upserted 10 rows.
2025-12-05 01:47:29,515 [INFO] DB: upserted 20 rows.
2025-12-05 01:47:35,075 [INFO] DB: upserted 20 rows.
2025-12-05 01:47:40,482 [INFO] DB: upserted 10 rows.
2025-12-05 01:47:46,112 [INFO] DB: upserted 20 rows.
2025-12-05 01:47:51,583 [INFO] DB: upserted 20 rows.
2025-12-05 01:47:57,015 [INFO] DB: upserted 10 rows.
2025-12-05 01:48:02,393 [INFO] DB: upserted 20 rows.
2025-12-05 01:48:07,800 [INFO] DB: upserted 20 rows.
2025-12-05 01:48:13,015 [INFO] DB: upserted 10 rows.
2025-12-05 01:48:18,466 [INFO] DB: upserted 20 rows.
2025-12-05 01:48:23,720 [INFO] DB: upserted 20 rows.
2025-12-05 01:48:28,893 [INFO] DB: upserted 10 rows.
2025-12-05 01:48:34,194 [INFO] DB: upserted 20 rows.
2025-12-05 01:48:39,574 [INFO] DB: upserted 20 rows.
2025-12-05 01:48:44,802 [INFO] DB: upserted 10 rows.
2025-12-05 01:48:50,031 [INFO] DB: upserted 20 rows.
2025-12-05 01:48:55,694 [INFO] DB: upserted 20 rows.
2025-12-05 01:49:00,969 [INFO] DB: upserted 10 rows.
2025-12-05 01:49:06,314 [INFO] DB: upserted 20 rows.
2025-12-05 01:49:11,777 [INFO] DB: upserted 20 rows.
2025-12-05 01:49:16,918 [INFO] DB: upserted 10 rows.
2025-12-05 01:49:22,344 [INFO] DB: upserted 20 rows.
2025-12-05 01:49:27,692 [INFO] DB: upserted 20 rows.
2025-12-05 01:49:32,886 [INFO] DB: upserted 10 rows.
2025-12-05 01:49:38,026 [INFO] DB: upserted 20 rows.
2025-12-05 01:49:43,537 [INFO] DB: upserted 20 rows.
2025-12-05 01:49:48,718 [INFO] DB: upserted 10 rows.
2025-12-05 01:49:54,282 [INFO] DB: upserted 20 rows.
2025-12-05 01:49:59,845 [INFO] DB: upserted 20 rows.
2025-12-05 01:50:01,914 [INFO] Snapshot saved: snapshot_2025-12-05_01-50-01.csv
2025-12-05 01:50:05,108 [INFO] DB: upserted 10 rows.
2025-12-05 01:50:10,396 [INFO] DB: upserted 20 rows.
2025-12-05 01:50:15,830 [INFO] DB: upserted 20 rows.
2025-12-05 01:50:21,041 [INFO] DB: upserted 10 rows.
2025-12-05 01:50:26,482 [INFO] DB: upserted 20 rows.
2025-12-05 01:50:31,963 [INFO] DB: upserted 20 rows.
2025-12-05 01:50:37,067 [INFO] DB: upserted 10 rows.
2025-12-05 01:50:42,440 [INFO] DB: upserted 20 rows.
2025-12-05 01:50:47,976 [INFO] DB: upserted 20 rows.
2025-12-05 01:50:53,172 [INFO] DB: upserted 10 rows.
2025-12-05 01:50:58,397 [INFO] DB: upserted 20 rows.
2025-12-05 01:51:03,724 [INFO] DB: upserted 20 rows.
2025-12-05 01:51:08,893 [INFO] DB: upserted 10 rows.
2025-12-05 01:51:14,218 [INFO] DB: upserted 20 rows.
2025-12-05 01:51:19,677 [INFO] DB: upserted 20 rows.
2025-12-05 01:51:24,840 [INFO] DB: upserted 10 rows.
2025-12-05 01:51:30,188 [INFO] DB: upserted 20 rows.
2025-12-05 01:51:35,362 [INFO] DB: upserted 20 rows.
2025-12-05 01:51:40,472 [INFO] DB: upserted 11 rows.
2025-12-05 01:51:45,889 [INFO] DB: upserted 20 rows.
2025-12-05 01:51:51,372 [INFO] DB: upserted 20 rows.
2025-12-05 01:51:57,012 [INFO] DB: upserted 20 rows.
2025-12-05 01:52:02,878 [INFO] DB: upserted 19 rows.
2025-12-05 01:52:08,466 [INFO] DB: upserted 20 rows.
2025-12-05 01:52:14,168 [INFO] DB: upserted 20 rows.
2025-12-05 01:52:19,594 [INFO] DB: upserted 20 rows.
2025-12-05 01:52:25,047 [INFO] DB: upserted 20 rows.
2025-12-05 01:52:30,613 [INFO] DB: upserted 20 rows.
2025-12-05 01:52:36,283 [INFO] DB: upserted 20 rows.
2025-12-05 01:52:41,358 [INFO] DB: upserted 10 rows.
2025-12-05 01:52:46,978 [INFO] DB: upserted 20 rows.
2025-12-05 01:52:52,186 [INFO] DB: upserted 20 rows.
2025-12-05 01:52:57,438 [INFO] DB: upserted 10 rows.
2025-12-05 01:53:02,909 [INFO] DB: upserted 20 rows.
2025-12-05 01:53:08,142 [INFO] DB: upserted 20 rows.
2025-12-05 01:53:13,992 [INFO] DB: upserted 10 rows.
2025-12-05 01:53:19,264 [INFO] DB: upserted 20 rows.
2025-12-05 01:53:24,752 [INFO] DB: upserted 20 rows.
2025-12-05 01:53:29,860 [INFO] DB: upserted 10 rows.
2025-12-05 01:53:35,734 [INFO] DB: upserted 20 rows.
2025-12-05 01:53:41,274 [INFO] DB: upserted 20 rows.
2025-12-05 01:53:46,946 [INFO] DB: upserted 20 rows.
2025-12-05 01:53:52,205 [INFO] DB: upserted 10 rows.
2025-12-05 01:53:57,937 [INFO] DB: upserted 20 rows.
2025-12-05 01:54:03,432 [INFO] DB: upserted 20 rows.
2025-12-05 01:54:09,264 [INFO] DB: upserted 20 rows.
2025-12-05 01:54:15,141 [INFO] DB: upserted 20 rows.
2025-12-05 01:54:20,979 [INFO] DB: upserted 20 rows.
2025-12-05 01:54:26,889 [INFO] DB: upserted 20 rows.
2025-12-05 01:54:32,416 [INFO] DB: upserted 20 rows.
2025-12-05 01:54:38,312 [INFO] DB: upserted 20 rows.
2025-12-05 01:54:44,141 [INFO] DB: upserted 20 rows.
2025-12-05 01:54:49,985 [INFO] DB: upserted 20 rows.
2025-12-05 01:54:55,810 [INFO] DB: upserted 20 rows.
2025-12-05 01:55:01,486 [INFO] DB: upserted 20 rows.
2025-12-05 01:55:06,987 [INFO] DB: upserted 20 rows.
2025-12-05 01:55:12,298 [INFO] DB: upserted 20 rows.
2025-12-05 01:55:17,900 [INFO] DB: upserted 10 rows.
2025-12-05 01:55:23,000 [INFO] DB: upserted 21 rows.
2025-12-05 01:55:28,149 [INFO] DB: upserted 20 rows.
2025-12-05 01:55:34,144 [INFO] DB: upserted 29 rows.
2025-12-05 01:55:39,432 [INFO] DB: upserted 11 rows.
2025-12-05 01:55:44,826 [INFO] DB: upserted 20 rows.
2025-12-05 01:55:50,578 [INFO] DB: upserted 20 rows.
2025-12-05 01:55:55,745 [INFO] DB: upserted 20 rows.
2025-12-05 01:56:01,634 [INFO] DB: upserted 19 rows.
2025-12-05 01:56:06,762 [INFO] DB: upserted 20 rows.
2025-12-05 01:56:11,796 [INFO] DB: upserted 20 rows.
2025-12-05 01:56:16,889 [INFO] DB: upserted 10 rows.
2025-12-05 01:56:22,062 [INFO] DB: upserted 20 rows.
2025-12-05 01:56:27,398 [INFO] DB: upserted 20 rows.
2025-12-05 01:56:33,233 [INFO] DB: upserted 20 rows.
2025-12-05 01:56:38,970 [INFO] DB: upserted 20 rows.
2025-12-05 01:56:44,780 [INFO] DB: upserted 20 rows.
2025-12-05 01:56:50,689 [INFO] DB: upserted 20 rows.
2025-12-05 01:56:55,725 [INFO] DB: upserted 11 rows.
2025-12-05 01:57:00,898 [INFO] DB: upserted 19 rows.
2025-12-05 01:57:06,221 [INFO] DB: upserted 20 rows.
2025-12-05 01:57:11,373 [INFO] DB: upserted 10 rows.
2025-12-05 01:57:16,679 [INFO] DB: upserted 20 rows.
2025-12-05 01:57:21,888 [INFO] DB: upserted 20 rows.
2025-12-05 01:57:27,360 [INFO] DB: upserted 20 rows.
2025-12-05 01:57:33,095 [INFO] DB: upserted 20 rows.
2025-12-05 01:57:38,712 [INFO] DB: upserted 20 rows.
2025-12-05 01:57:44,680 [INFO] DB: upserted 20 rows.
2025-12-05 01:57:50,671 [INFO] DB: upserted 20 rows.
2025-12-05 01:57:56,343 [INFO] DB: upserted 20 rows.
2025-12-05 01:58:02,240 [INFO] DB: upserted 20 rows.
2025-12-05 01:58:07,402 [INFO] DB: upserted 11 rows.
2025-12-05 01:58:12,561 [INFO] DB: upserted 19 rows.
2025-12-05 01:58:18,378 [INFO] DB: upserted 20 rows.
2025-12-05 01:58:24,038 [INFO] DB: upserted 20 rows.
2025-12-05 01:58:29,840 [INFO] DB: upserted 20 rows.
2025-12-05 01:58:35,528 [INFO] DB: upserted 20 rows.
2025-12-05 01:58:41,071 [INFO] DB: upserted 20 rows.
2025-12-05 01:58:46,488 [INFO] DB: upserted 20 rows.
2025-12-05 01:58:51,562 [INFO] DB: upserted 10 rows.
2025-12-05 01:58:57,214 [INFO] DB: upserted 21 rows.
2025-12-05 01:59:02,614 [INFO] DB: upserted 20 rows.
2025-12-05 01:59:07,648 [INFO] DB: upserted 19 rows.
2025-12-05 01:59:13,047 [INFO] DB: upserted 20 rows.
2025-12-05 01:59:18,218 [INFO] DB: upserted 11 rows.
2025-12-05 01:59:23,696 [INFO] DB: upserted 19 rows.
2025-12-05 01:59:29,118 [INFO] DB: upserted 20 rows.
2025-12-05 01:59:34,997 [INFO] DB: upserted 20 rows.
2025-12-05 01:59:40,213 [INFO] DB: upserted 10 rows.
2025-12-05 01:59:46,064 [INFO] DB: upserted 20 rows.
2025-12-05 01:59:51,224 [INFO] DB: upserted 20 rows.
2025-12-05 01:59:56,677 [INFO] DB: upserted 20 rows.
2025-12-05 02:00:02,273 [INFO] DB: upserted 20 rows.
2025-12-05 02:00:02,318 [INFO] Snapshot saved: snapshot_2025-12-05_02-00-02.csv
2025-12-05 02:00:07,668 [INFO] DB: upserted 20 rows.
2025-12-05 02:00:13,343 [INFO] DB: upserted 20 rows.
2025-12-05 02:00:18,706 [INFO] DB: upserted 20 rows.
2025-12-05 02:00:24,510 [INFO] DB: upserted 20 rows.
2025-12-05 02:00:30,336 [INFO] DB: upserted 20 rows.
2025-12-05 02:00:35,554 [INFO] DB: upserted 11 rows.
2025-12-05 02:00:40,727 [INFO] DB: upserted 19 rows.
2025-12-05 02:00:46,178 [INFO] DB: upserted 20 rows.
2025-12-05 02:00:50,642 [INFO] Received stop signal — shutting down...
2025-12-05 02:00:51,657 [INFO] Shutdown requested via KeyboardInterrupt
2025-12-05 02:00:51,805 [ERROR] Task was destroyed but it is pending!
task: <Task pending name='Task-2' coro=<scraper_worker() running at D:\Tender System\TenderSystem\app.py:217> wait_for=<Future pending cb=[Task.task_wakeup()]> cb=[gather.<locals>._done_callback() at C:\Program Files\WindowsApps\PythonSoftwareFoundation.Python.3.10_3.10.3056.0_x64__qbz5n2kfra8p0\lib\asyncio\tasks.py:720, gather.<locals>._done_callback() at C:\Program Files\WindowsApps\PythonSoftwareFoundation.Python.3.10_3.10.3056.0_x64__qbz5n2kfra8p0\lib\asyncio\tasks.py:720]>
2025-12-05 02:32:45,101 [WARNING] Keyword CSV not found: D:\Tender System\TenderSystem\product_matcher\backend\app\data\keywords_diagnostic.csv
2025-12-05 02:32:45,102 [WARNING] Keyword CSV not found: D:\Tender System\TenderSystem\product_matcher\backend\app\data\keywords_endo.csv
2025-12-05 02:32:45,103 [INFO] Scraper starting...
2025-12-05 02:32:45,104 [INFO] DB consumer starting...
2025-12-05 02:33:04,468 [INFO] Applying sorting: Bid Start Date -> Latest
2025-12-05 02:33:06,739 [INFO] Found 43364 records across 4337 pages.
2025-12-05 02:33:08,289 [INFO] DB: upserted 1 rows.
2025-12-05 02:33:13,647 [INFO] DB: upserted 20 rows.
2025-12-05 02:33:18,978 [INFO] DB: upserted 20 rows.
2025-12-05 02:33:24,120 [INFO] DB: upserted 20 rows.
2025-12-05 02:33:29,453 [INFO] DB: upserted 20 rows.
2025-12-05 02:33:34,822 [INFO] DB: upserted 20 rows.
2025-12-05 02:33:40,462 [INFO] DB: upserted 20 rows.
2025-12-05 02:33:46,235 [INFO] DB: upserted 19 rows.
2025-12-05 02:33:51,878 [INFO] DB: upserted 20 rows.
2025-12-05 02:33:57,327 [INFO] DB: upserted 10 rows.
2025-12-05 02:34:02,623 [INFO] DB: upserted 20 rows.
2025-12-05 02:34:08,171 [INFO] DB: upserted 10 rows.
2025-12-05 02:34:13,907 [INFO] DB: upserted 20 rows.
2025-12-05 02:34:19,409 [INFO] DB: upserted 20 rows.
2025-12-05 02:34:24,609 [INFO] DB: upserted 10 rows.
2025-12-05 02:34:30,059 [INFO] DB: upserted 20 rows.
2025-12-05 02:34:35,563 [INFO] DB: upserted 20 rows.
2025-12-05 02:34:40,896 [INFO] DB: upserted 10 rows.
2025-12-05 02:34:46,441 [INFO] DB: upserted 20 rows.
2025-12-05 02:34:52,001 [INFO] DB: upserted 20 rows.
2025-12-05 02:34:57,148 [INFO] DB: upserted 10 rows.
2025-12-05 02:35:02,662 [INFO] DB: upserted 20 rows.
2025-12-05 02:35:08,471 [INFO] DB: upserted 20 rows.
2025-12-05 02:35:13,766 [INFO] DB: upserted 10 rows.
2025-12-05 02:35:19,260 [INFO] DB: upserted 20 rows.
2025-12-05 02:35:24,843 [INFO] DB: upserted 20 rows.
2025-12-05 02:35:30,236 [INFO] DB: upserted 10 rows.
2025-12-05 02:35:35,782 [INFO] DB: upserted 20 rows.
2025-12-05 02:35:41,445 [INFO] DB: upserted 20 rows.
2025-12-05 02:35:46,706 [INFO] DB: upserted 10 rows.
2025-12-05 02:35:52,400 [INFO] DB: upserted 20 rows.
2025-12-05 02:35:58,161 [INFO] DB: upserted 20 rows.
2025-12-05 02:36:03,546 [INFO] DB: upserted 10 rows.
2025-12-05 02:36:08,968 [INFO] DB: upserted 20 rows.
2025-12-05 02:36:14,692 [INFO] DB: upserted 20 rows.
2025-12-05 02:36:20,187 [INFO] DB: upserted 10 rows.
2025-12-05 02:36:26,013 [INFO] DB: upserted 20 rows.
2025-12-05 02:36:31,788 [INFO] DB: upserted 20 rows.
2025-12-05 02:36:37,113 [INFO] DB: upserted 10 rows.
2025-12-05 02:36:42,806 [INFO] DB: upserted 20 rows.
2025-12-05 02:36:48,667 [INFO] DB: upserted 20 rows.
2025-12-05 02:36:54,012 [INFO] DB: upserted 10 rows.
2025-12-05 02:36:59,369 [INFO] DB: upserted 20 rows.
2025-12-05 02:37:05,097 [INFO] DB: upserted 20 rows.
2025-12-05 02:37:10,491 [INFO] DB: upserted 10 rows.
2025-12-05 02:37:16,067 [INFO] DB: upserted 20 rows.
2025-12-05 02:37:21,533 [INFO] DB: upserted 20 rows.
2025-12-05 02:37:26,688 [INFO] DB: upserted 10 rows.
2025-12-05 02:37:32,194 [INFO] DB: upserted 20 rows.
2025-12-05 02:37:37,874 [INFO] DB: upserted 20 rows.
2025-12-05 02:37:43,239 [INFO] DB: upserted 10 rows.
2025-12-05 02:37:48,680 [INFO] DB: upserted 20 rows.
2025-12-05 02:37:54,096 [INFO] DB: upserted 20 rows.
2025-12-05 02:37:59,552 [INFO] DB: upserted 10 rows.
2025-12-05 02:38:05,372 [INFO] DB: upserted 20 rows.
2025-12-05 02:38:11,248 [INFO] DB: upserted 20 rows.
2025-12-05 02:38:16,696 [INFO] DB: upserted 10 rows.
2025-12-05 02:38:22,393 [INFO] DB: upserted 20 rows.
2025-12-05 02:38:28,138 [INFO] DB: upserted 20 rows.
2025-12-05 02:38:33,260 [INFO] DB: upserted 10 rows.
2025-12-05 02:38:38,698 [INFO] DB: upserted 20 rows.
2025-12-05 02:38:44,339 [INFO] DB: upserted 20 rows.
2025-12-05 02:38:49,641 [INFO] DB: upserted 10 rows.
2025-12-05 02:38:55,019 [INFO] DB: upserted 20 rows.
2025-12-05 02:39:00,421 [INFO] DB: upserted 20 rows.
2025-12-05 02:39:05,635 [INFO] DB: upserted 10 rows.
2025-12-05 02:39:11,493 [INFO] DB: upserted 20 rows.
2025-12-05 02:39:17,110 [INFO] DB: upserted 20 rows.
2025-12-05 02:39:22,184 [INFO] DB: upserted 10 rows.
2025-12-05 02:39:27,437 [INFO] DB: upserted 20 rows.
2025-12-05 02:39:32,745 [INFO] DB: upserted 20 rows.
2025-12-05 02:39:37,922 [INFO] DB: upserted 10 rows.
2025-12-05 02:39:43,237 [INFO] DB: upserted 20 rows.
2025-12-05 02:39:48,957 [INFO] DB: upserted 20 rows.
2025-12-05 02:39:54,072 [INFO] DB: upserted 10 rows.
2025-12-05 02:39:59,607 [INFO] DB: upserted 20 rows.
2025-12-05 02:40:04,991 [INFO] DB: upserted 20 rows.
2025-12-05 02:40:10,266 [INFO] DB: upserted 10 rows.
2025-12-05 02:40:15,785 [INFO] DB: upserted 20 rows.
2025-12-05 02:40:21,220 [INFO] DB: upserted 20 rows.
2025-12-05 02:40:26,492 [INFO] DB: upserted 10 rows.
2025-12-05 02:40:31,826 [INFO] DB: upserted 20 rows.
2025-12-05 02:40:37,408 [INFO] DB: upserted 20 rows.
2025-12-05 02:40:42,715 [INFO] DB: upserted 10 rows.
2025-12-05 02:40:48,105 [INFO] DB: upserted 20 rows.
2025-12-05 02:40:53,954 [INFO] DB: upserted 20 rows.
2025-12-05 02:40:59,143 [INFO] DB: upserted 10 rows.
2025-12-05 02:41:04,826 [INFO] DB: upserted 20 rows.
2025-12-05 02:41:10,434 [INFO] DB: upserted 20 rows.
2025-12-05 02:41:15,643 [INFO] DB: upserted 10 rows.
2025-12-05 02:41:21,247 [INFO] DB: upserted 20 rows.
2025-12-05 02:41:27,136 [INFO] DB: upserted 20 rows.
2025-12-05 02:41:32,516 [INFO] DB: upserted 10 rows.
2025-12-05 02:41:38,368 [INFO] DB: upserted 20 rows.
2025-12-05 02:41:44,008 [INFO] DB: upserted 20 rows.
2025-12-05 02:41:49,516 [INFO] DB: upserted 10 rows.
2025-12-05 02:41:54,990 [INFO] DB: upserted 20 rows.
2025-12-05 02:42:00,718 [INFO] DB: upserted 20 rows.
2025-12-05 02:42:06,073 [INFO] DB: upserted 10 rows.
2025-12-05 02:42:11,521 [INFO] DB: upserted 20 rows.
2025-12-05 02:42:17,175 [INFO] DB: upserted 20 rows.
2025-12-05 02:42:22,312 [INFO] DB: upserted 10 rows.
2025-12-05 02:42:27,990 [INFO] DB: upserted 20 rows.
2025-12-05 02:42:33,397 [INFO] DB: upserted 20 rows.
2025-12-05 02:42:38,808 [INFO] DB: upserted 10 rows.
2025-12-05 02:42:44,286 [INFO] DB: upserted 20 rows.
2025-12-05 02:42:45,366 [INFO] Snapshot saved: snapshot_2025-12-05_02-42-45.csv (1770 rows)
2025-12-05 02:42:50,079 [INFO] DB: upserted 20 rows.
2025-12-05 02:42:55,268 [INFO] DB: upserted 10 rows.
2025-12-05 02:43:00,946 [INFO] DB: upserted 20 rows.
2025-12-05 02:43:06,797 [INFO] DB: upserted 20 rows.
2025-12-05 02:43:12,114 [INFO] DB: upserted 10 rows.
2025-12-05 02:43:17,904 [INFO] DB: upserted 20 rows.
2025-12-05 02:43:23,762 [INFO] DB: upserted 20 rows.
2025-12-05 02:43:29,110 [INFO] DB: upserted 10 rows.
2025-12-05 02:43:34,846 [INFO] DB: upserted 20 rows.
2025-12-05 02:43:40,413 [INFO] DB: upserted 20 rows.
2025-12-05 02:43:45,730 [INFO] DB: upserted 10 rows.
2025-12-05 02:43:51,263 [INFO] DB: upserted 20 rows.
2025-12-05 02:43:57,007 [INFO] DB: upserted 20 rows.
2025-12-05 02:44:02,564 [INFO] DB: upserted 10 rows.
2025-12-05 02:44:07,934 [INFO] DB: upserted 20 rows.
2025-12-05 02:44:13,238 [INFO] DB: upserted 20 rows.
2025-12-05 02:44:18,552 [INFO] DB: upserted 10 rows.
2025-12-05 02:44:23,896 [INFO] DB: upserted 20 rows.
2025-12-05 02:44:29,508 [INFO] DB: upserted 20 rows.
2025-12-05 02:44:34,812 [INFO] DB: upserted 10 rows.
2025-12-05 02:44:40,448 [INFO] DB: upserted 20 rows.
2025-12-05 02:44:45,631 [INFO] DB: upserted 11 rows.
2025-12-05 02:44:50,925 [INFO] DB: upserted 19 rows.
2025-12-05 02:44:56,914 [INFO] DB: upserted 20 rows.
2025-12-05 02:45:02,136 [INFO] DB: upserted 20 rows.
2025-12-05 02:45:07,432 [INFO] DB: upserted 20 rows.
2025-12-05 02:45:12,934 [INFO] DB: upserted 20 rows.
2025-12-05 02:45:18,503 [INFO] DB: upserted 20 rows.
2025-12-05 02:45:23,592 [INFO] DB: upserted 11 rows.
2025-12-05 02:45:29,054 [INFO] DB: upserted 20 rows.
2025-12-05 02:45:34,428 [INFO] DB: upserted 20 rows.
2025-12-05 02:45:39,526 [INFO] DB: upserted 20 rows.
2025-12-05 02:45:44,835 [INFO] DB: upserted 20 rows.
2025-12-05 02:45:50,319 [INFO] DB: upserted 19 rows.
2025-12-05 02:45:55,799 [INFO] DB: upserted 20 rows.
2025-12-05 02:46:01,745 [INFO] DB: upserted 20 rows.
2025-12-05 02:46:07,182 [INFO] DB: upserted 20 rows.
2025-12-05 02:46:12,690 [INFO] DB: upserted 20 rows.
2025-12-05 02:46:17,987 [INFO] DB: upserted 10 rows.
2025-12-05 02:46:23,952 [INFO] DB: upserted 20 rows.
2025-12-05 02:46:28,994 [INFO] DB: upserted 20 rows.
2025-12-05 02:46:34,583 [INFO] DB: upserted 20 rows.
2025-12-05 02:46:40,019 [INFO] DB: upserted 20 rows.
2025-12-05 02:46:44,702 [INFO] Received stop signal — shutting down...
2025-12-05 02:47:10,538 [INFO] Scraper starting...
2025-12-05 02:47:10,539 [INFO] DB consumer starting...
2025-12-05 02:47:15,612 [INFO] Applying sorting: Bid Start Date -> Latest
2025-12-05 02:47:17,866 [INFO] Found 43365 records across 4337 pages.
2025-12-05 02:47:19,300 [INFO] DB: upserted 1 rows.
2025-12-05 02:47:25,018 [INFO] DB: upserted 19 rows.
2025-12-05 02:47:30,856 [INFO] DB: upserted 20 rows.
2025-12-05 02:47:35,928 [INFO] DB: upserted 11 rows.
2025-12-05 02:47:41,555 [INFO] DB: upserted 20 rows.
2025-12-05 02:47:47,330 [INFO] DB: upserted 19 rows.
2025-12-05 02:47:52,414 [INFO] DB: upserted 20 rows.
2025-12-05 02:47:57,869 [INFO] DB: upserted 10 rows.
2025-12-05 02:48:03,868 [INFO] DB: upserted 20 rows.
2025-12-05 02:48:09,530 [INFO] DB: upserted 20 rows.
2025-12-05 02:48:15,061 [INFO] DB: upserted 10 rows.
2025-12-05 02:48:20,750 [INFO] DB: upserted 20 rows.
2025-12-05 02:48:26,593 [INFO] DB: upserted 20 rows.
2025-12-05 02:48:32,185 [INFO] DB: upserted 10 rows.
2025-12-05 02:48:37,983 [INFO] DB: upserted 20 rows.
2025-12-05 02:48:43,540 [INFO] DB: upserted 20 rows.
2025-12-05 02:48:48,984 [INFO] DB: upserted 10 rows.
2025-12-05 02:48:54,865 [INFO] DB: upserted 20 rows.
2025-12-05 02:49:00,791 [INFO] DB: upserted 20 rows.
2025-12-05 02:49:06,223 [INFO] DB: upserted 10 rows.
2025-12-05 02:49:11,388 [INFO] DB: upserted 20 rows.
2025-12-05 02:49:16,855 [INFO] DB: upserted 10 rows.
2025-12-05 02:49:21,916 [INFO] DB: upserted 20 rows.
2025-12-05 02:49:27,198 [INFO] DB: upserted 10 rows.
2025-12-05 02:49:32,948 [INFO] DB: upserted 20 rows.
2025-12-05 02:49:38,035 [INFO] DB: upserted 11 rows.
2025-12-05 02:49:43,555 [INFO] DB: upserted 19 rows.
2025-12-05 02:49:49,568 [INFO] DB: upserted 20 rows.
2025-12-05 02:49:55,065 [INFO] DB: upserted 10 rows.
2025-12-05 02:50:00,904 [INFO] DB: upserted 20 rows.
2025-12-05 02:50:06,123 [INFO] DB: upserted 11 rows.
2025-12-05 02:50:11,703 [INFO] DB: upserted 19 rows.
2025-12-05 02:50:16,778 [INFO] DB: upserted 20 rows.
2025-12-05 02:50:22,107 [INFO] DB: upserted 10 rows.
2025-12-05 02:50:27,489 [INFO] DB: upserted 20 rows.
2025-12-05 02:50:32,582 [INFO] DB: upserted 11 rows.
2025-12-05 02:50:37,651 [INFO] DB: upserted 9 rows.
2025-12-05 02:50:43,125 [INFO] DB: upserted 20 rows.
2025-12-05 02:50:48,366 [INFO] DB: upserted 10 rows.
2025-12-05 02:50:54,068 [INFO] DB: upserted 20 rows.
2025-12-05 02:50:59,220 [INFO] DB: upserted 10 rows.
2025-12-05 02:51:04,998 [INFO] DB: upserted 20 rows.
2025-12-05 02:51:10,373 [INFO] DB: upserted 20 rows.
2025-12-05 02:51:15,486 [INFO] DB: upserted 10 rows.
2025-12-05 02:51:21,320 [INFO] DB: upserted 20 rows.
2025-12-05 02:51:26,757 [INFO] DB: upserted 20 rows.
2025-12-05 02:51:31,924 [INFO] DB: upserted 10 rows.
2025-12-05 02:51:37,234 [INFO] DB: upserted 20 rows.
2025-12-05 02:51:42,837 [INFO] DB: upserted 20 rows.
2025-12-05 02:51:48,218 [INFO] DB: upserted 10 rows.
2025-12-05 02:51:54,021 [INFO] DB: upserted 20 rows.
2025-12-05 02:51:59,763 [INFO] DB: upserted 20 rows.
2025-12-05 02:52:05,194 [INFO] DB: upserted 10 rows.
2025-12-05 02:52:11,115 [INFO] DB: upserted 20 rows.
2025-12-05 02:52:17,064 [INFO] DB: upserted 20 rows.
2025-12-05 02:52:22,516 [INFO] DB: upserted 10 rows.
2025-12-05 02:52:28,392 [INFO] DB: upserted 20 rows.
2025-12-05 02:52:33,626 [INFO] DB: upserted 20 rows.
2025-12-05 02:52:38,764 [INFO] DB: upserted 10 rows.
2025-12-05 02:52:44,146 [INFO] DB: upserted 20 rows.
2025-12-05 02:52:49,860 [INFO] DB: upserted 20 rows.
2025-12-05 02:52:55,099 [INFO] DB: upserted 10 rows.
2025-12-05 02:53:00,934 [INFO] DB: upserted 20 rows.
2025-12-05 02:53:06,828 [INFO] DB: upserted 20 rows.
2025-12-05 02:53:11,925 [INFO] DB: upserted 10 rows.
2025-12-05 02:53:17,400 [INFO] DB: upserted 20 rows.
2025-12-05 02:53:23,264 [INFO] DB: upserted 20 rows.
2025-12-05 02:53:28,650 [INFO] DB: upserted 10 rows.
2025-12-05 02:53:34,627 [INFO] DB: upserted 20 rows.
2025-12-05 02:53:40,410 [INFO] DB: upserted 20 rows.
2025-12-05 02:53:45,439 [INFO] DB: upserted 10 rows.
2025-12-05 02:53:50,825 [INFO] DB: upserted 20 rows.
2025-12-05 02:53:56,802 [INFO] DB: upserted 20 rows.
2025-12-05 02:54:02,013 [INFO] DB: upserted 10 rows.
2025-12-05 02:54:07,569 [INFO] DB: upserted 20 rows.
2025-12-05 02:54:13,424 [INFO] DB: upserted 20 rows.
2025-12-05 02:54:19,121 [INFO] DB: upserted 10 rows.
2025-12-05 02:54:24,176 [INFO] DB: upserted 20 rows.
2025-12-05 02:54:29,677 [INFO] DB: upserted 10 rows.
2025-12-05 02:54:35,268 [INFO] DB: upserted 20 rows.
2025-12-05 02:54:40,940 [INFO] DB: upserted 20 rows.
2025-12-05 02:54:46,273 [INFO] DB: upserted 10 rows.
2025-12-05 02:54:52,234 [INFO] DB: upserted 20 rows.
2025-12-05 02:54:57,508 [INFO] DB: upserted 20 rows.
2025-12-05 02:55:02,824 [INFO] DB: upserted 10 rows.
2025-12-05 02:55:08,120 [INFO] DB: upserted 20 rows.
2025-12-05 02:55:13,823 [INFO] DB: upserted 20 rows.
2025-12-05 02:55:19,395 [INFO] DB: upserted 10 rows.
2025-12-05 02:55:25,319 [INFO] DB: upserted 20 rows.
2025-12-05 02:55:30,620 [INFO] DB: upserted 20 rows.
2025-12-05 02:55:35,848 [INFO] DB: upserted 11 rows.
2025-12-05 02:55:41,875 [INFO] DB: upserted 19 rows.
2025-12-05 02:55:47,217 [INFO] DB: upserted 20 rows.
2025-12-05 02:55:52,314 [INFO] DB: upserted 11 rows.
2025-12-05 02:55:57,713 [INFO] DB: upserted 20 rows.
2025-12-05 02:56:02,893 [INFO] DB: upserted 19 rows.
2025-12-05 02:56:08,587 [INFO] DB: upserted 20 rows.
2025-12-05 02:56:14,074 [INFO] DB: upserted 20 rows.
2025-12-05 02:56:20,109 [INFO] DB: upserted 20 rows.
2025-12-05 02:56:26,186 [INFO] Received stop signal — shutting down...
2025-12-05 02:56:26,551 [ERROR] Task was destroyed but it is pending!
task: <Task pending name='Task-2' coro=<scraper_worker() running at D:\Tender System\TenderSystem\app.py:217> wait_for=<Future pending cb=[Task.task_wakeup()]> cb=[gather.<locals>._done_callback() at C:\Program Files\WindowsApps\PythonSoftwareFoundation.Python.3.10_3.10.3056.0_x64__qbz5n2kfra8p0\lib\asyncio\tasks.py:720, gather.<locals>._done_callback() at C:\Program Files\WindowsApps\PythonSoftwareFoundation.Python.3.10_3.10.3056.0_x64__qbz5n2kfra8p0\lib\asyncio\tasks.py:720]>
2025-12-05 03:21:23,978 [INFO] Loaded ML relevancy model and vectorizer.
2025-12-05 03:21:24,076 [INFO] Loaded ML relevancy model and vectorizer.
2025-12-05 03:21:51,658 [INFO] Loaded ML relevancy model and vectorizer.
2025-12-05 03:21:55,876 [INFO] Loaded Diagnostic keywords: D:\Tender System\TenderSystem\app\data\keywords_diagnostic.csv
2025-12-05 03:21:56,069 [INFO] Loaded Endo keywords: D:\Tender System\TenderSystem\app\data\keywords_endo.csv
2025-12-05 03:21:56,069 [INFO] Matcher initialized with loaded KeywordStore.
2025-12-05 03:21:56,097 [INFO] Scraper starting...
2025-12-05 03:21:56,097 [INFO] DB consumer starting...
2025-12-05 03:22:01,880 [INFO] Applying sorting: Bid Start Date -> Latest
2025-12-05 03:22:04,137 [INFO] Found 43367 records across 4337 pages.
2025-12-05 03:22:05,539 [INFO] DB: upserted 1 rows.
2025-12-05 03:22:11,199 [INFO] DB: upserted 19 rows.
2025-12-05 03:22:16,817 [INFO] DB: upserted 20 rows.
2025-12-05 03:22:22,386 [INFO] DB: upserted 10 rows.
2025-12-05 03:22:27,941 [INFO] DB: upserted 20 rows.
2025-12-05 03:23:15,460 [INFO] Loaded ML relevancy model and vectorizer.
2025-12-05 03:23:19,639 [INFO] Loaded Diagnostic keywords: D:\Tender System\TenderSystem\app\data\keywords_diagnostic.csv
2025-12-05 03:23:19,819 [INFO] Loaded Endo keywords: D:\Tender System\TenderSystem\app\data\keywords_endo.csv
2025-12-05 03:23:19,820 [INFO] Matcher initialized with loaded KeywordStore.
2025-12-05 03:23:19,822 [INFO] Scraper starting...
2025-12-05 03:23:19,823 [INFO] DB consumer starting...
2025-12-05 03:23:24,840 [INFO] Applying sorting: Bid Start Date -> Latest
2025-12-05 03:23:27,081 [INFO] Found 43367 records across 4337 pages.
2025-12-05 03:23:28,512 [INFO] DB: upserted 1 rows.
2025-12-05 03:23:33,768 [INFO] DB: upserted 20 rows.
2025-12-05 03:23:39,366 [INFO] DB: upserted 19 rows.
2025-12-05 03:23:44,532 [INFO] DB: upserted 11 rows.
2025-12-05 03:23:50,152 [INFO] DB: upserted 19 rows.
2025-12-05 03:23:55,923 [INFO] DB: upserted 20 rows.
2025-12-05 03:24:01,402 [INFO] DB: upserted 10 rows.
2025-12-05 03:24:07,065 [INFO] DB: upserted 20 rows.
2025-12-05 03:24:12,535 [INFO] DB: upserted 20 rows.
2025-12-05 03:24:17,795 [INFO] DB: upserted 10 rows.
2025-12-05 03:24:23,560 [INFO] DB: upserted 20 rows.
2025-12-05 03:24:29,372 [INFO] DB: upserted 20 rows.
2025-12-05 03:24:35,007 [INFO] DB: upserted 10 rows.
2025-12-05 03:24:40,111 [INFO] DB: upserted 20 rows.
2025-12-05 03:24:45,612 [INFO] DB: upserted 10 rows.
2025-12-05 03:24:51,471 [INFO] DB: upserted 20 rows.
2025-12-05 03:24:56,523 [INFO] DB: upserted 11 rows.
2025-12-05 03:25:01,866 [INFO] DB: upserted 19 rows.
2025-12-05 03:25:07,666 [INFO] DB: upserted 20 rows.
2025-12-05 03:25:12,925 [INFO] DB: upserted 10 rows.
2025-12-05 03:25:18,771 [INFO] DB: upserted 20 rows.
2025-12-05 03:25:24,543 [INFO] DB: upserted 20 rows.
2025-12-05 03:25:29,818 [INFO] DB: upserted 10 rows.
2025-12-05 03:25:35,490 [INFO] DB: upserted 20 rows.
2025-12-05 03:25:41,141 [INFO] DB: upserted 20 rows.
2025-12-05 03:25:46,472 [INFO] DB: upserted 10 rows.
2025-12-05 03:25:52,486 [INFO] DB: upserted 20 rows.
2025-12-05 03:25:58,313 [INFO] DB: upserted 20 rows.
2025-12-05 03:26:03,603 [INFO] DB: upserted 10 rows.
2025-12-05 03:26:09,242 [INFO] DB: upserted 20 rows.
2025-12-05 03:26:15,044 [INFO] DB: upserted 20 rows.
2025-12-05 03:26:20,391 [INFO] DB: upserted 10 rows.
2025-12-05 03:26:26,121 [INFO] DB: upserted 20 rows.
2025-12-05 03:26:31,315 [INFO] DB: upserted 11 rows.
2025-12-05 03:26:37,054 [INFO] DB: upserted 19 rows.
2025-12-05 03:26:42,839 [INFO] DB: upserted 20 rows.
2025-12-05 03:26:48,061 [INFO] DB: upserted 10 rows.
2025-12-05 03:26:53,613 [INFO] DB: upserted 20 rows.
2025-12-05 03:26:59,228 [INFO] DB: upserted 20 rows.
2025-12-05 03:27:04,563 [INFO] DB: upserted 10 rows.
2025-12-05 03:27:10,407 [INFO] DB: upserted 20 rows.
2025-12-05 03:27:15,673 [INFO] DB: upserted 11 rows.
2025-12-05 03:27:20,889 [INFO] DB: upserted 19 rows.
2025-12-05 03:27:26,518 [INFO] DB: upserted 20 rows.
2025-12-05 03:27:31,938 [INFO] DB: upserted 10 rows.
2025-12-05 03:27:37,818 [INFO] DB: upserted 20 rows.
2025-12-05 03:27:43,461 [INFO] DB: upserted 20 rows.
2025-12-05 03:27:48,741 [INFO] DB: upserted 10 rows.
2025-12-05 03:27:54,317 [INFO] DB: upserted 20 rows.
2025-12-05 03:27:59,946 [INFO] DB: upserted 20 rows.
2025-12-05 03:28:05,316 [INFO] DB: upserted 10 rows.
2025-12-05 03:28:10,413 [INFO] DB: upserted 20 rows.
2025-12-05 03:28:15,936 [INFO] DB: upserted 10 rows.
2025-12-05 03:28:21,911 [INFO] DB: upserted 20 rows.
2025-12-05 03:28:27,418 [INFO] DB: upserted 20 rows.
2025-12-05 03:28:32,750 [INFO] DB: upserted 10 rows.
2025-12-05 03:28:38,318 [INFO] DB: upserted 20 rows.
2025-12-05 03:28:44,101 [INFO] DB: upserted 20 rows.
2025-12-05 03:28:49,544 [INFO] DB: upserted 20 rows.
2025-12-05 03:28:54,730 [INFO] DB: upserted 20 rows.
2025-12-05 03:29:00,187 [INFO] DB: upserted 20 rows.
2025-12-05 03:29:05,841 [INFO] DB: upserted 20 rows.
2025-12-05 03:29:11,185 [INFO] DB: upserted 20 rows.
2025-12-05 03:29:16,605 [INFO] DB: upserted 20 rows.
2025-12-05 03:29:22,101 [INFO] DB: upserted 20 rows.
2025-12-05 03:29:27,275 [INFO] DB: upserted 20 rows.
2025-12-05 03:29:32,665 [INFO] DB: upserted 10 rows.
2025-12-05 03:29:38,178 [INFO] DB: upserted 20 rows.
2025-12-05 03:29:43,758 [INFO] DB: upserted 20 rows.
2025-12-05 03:29:49,295 [INFO] DB: upserted 10 rows.
2025-12-05 03:29:54,948 [INFO] DB: upserted 20 rows.
2025-12-05 03:30:00,780 [INFO] DB: upserted 20 rows.
2025-12-05 03:30:06,320 [INFO] DB: upserted 10 rows.
2025-12-05 03:30:12,269 [INFO] DB: upserted 20 rows.
2025-12-05 03:30:17,820 [INFO] DB: upserted 20 rows.
2025-12-05 03:30:23,477 [INFO] DB: upserted 10 rows.
2025-12-05 03:30:29,039 [INFO] DB: upserted 20 rows.
2025-12-05 03:30:34,791 [INFO] DB: upserted 11 rows.
2025-12-05 03:30:40,439 [INFO] DB: upserted 19 rows.
2025-12-05 03:30:45,945 [INFO] DB: upserted 11 rows.
2025-12-05 03:30:51,357 [INFO] DB: upserted 19 rows.
2025-12-05 03:30:56,583 [INFO] DB: upserted 11 rows.
2025-12-05 03:31:02,321 [INFO] DB: upserted 19 rows.
2025-12-05 03:31:08,123 [INFO] DB: upserted 20 rows.
2025-12-05 03:31:13,377 [INFO] DB: upserted 10 rows.
2025-12-05 03:31:18,508 [INFO] DB: upserted 20 rows.
2025-12-05 03:31:24,180 [INFO] DB: upserted 10 rows.
2025-12-05 03:31:29,988 [INFO] DB: upserted 20 rows.
2025-12-05 03:31:35,052 [INFO] DB: upserted 11 rows.
2025-12-05 03:31:40,398 [INFO] DB: upserted 19 rows.
2025-12-05 03:31:46,261 [INFO] DB: upserted 20 rows.
2025-12-05 03:31:51,685 [INFO] DB: upserted 10 rows.
2025-12-05 03:31:57,671 [INFO] DB: upserted 20 rows.
2025-12-05 03:32:03,511 [INFO] DB: upserted 20 rows.
2025-12-05 03:32:08,741 [INFO] DB: upserted 10 rows.
2025-12-05 03:32:14,322 [INFO] DB: upserted 20 rows.
2025-12-05 03:32:20,233 [INFO] DB: upserted 20 rows.
2025-12-05 03:32:25,682 [INFO] DB: upserted 10 rows.
2025-12-05 03:32:31,651 [INFO] DB: upserted 20 rows.
2025-12-05 03:32:36,757 [INFO] DB: upserted 11 rows.
2025-12-05 03:32:42,067 [INFO] DB: upserted 19 rows.
2025-12-05 03:32:47,829 [INFO] DB: upserted 20 rows.
2025-12-05 03:32:53,232 [INFO] DB: upserted 10 rows.
2025-12-05 03:32:58,926 [INFO] DB: upserted 20 rows.
2025-12-05 03:33:04,306 [INFO] DB: upserted 11 rows.
2025-12-05 03:33:09,889 [INFO] DB: upserted 19 rows.
2025-12-05 03:33:15,067 [INFO] DB: upserted 11 rows.
2025-12-05 03:33:20,647 [INFO] DB: upserted 19 rows.
2025-12-05 03:33:20,750 [INFO] Snapshot saved: snapshot_2025-12-05_03-33-20.csv
2025-12-05 03:33:26,065 [INFO] DB: upserted 11 rows.
2025-12-05 03:33:31,108 [INFO] DB: upserted 19 rows.
2025-12-05 03:33:36,957 [INFO] DB: upserted 10 rows.
2025-12-05 03:33:42,762 [INFO] DB: upserted 20 rows.
2025-12-05 03:33:48,680 [INFO] DB: upserted 10 rows.
2025-12-05 03:33:54,642 [INFO] DB: upserted 20 rows.
2025-12-05 03:34:00,406 [INFO] DB: upserted 20 rows.
2025-12-05 03:34:05,849 [INFO] DB: upserted 10 rows.
2025-12-05 03:34:11,871 [INFO] DB: upserted 20 rows.
2025-12-05 03:34:17,752 [INFO] DB: upserted 20 rows.
2025-12-05 03:34:22,901 [INFO] DB: upserted 10 rows.
2025-12-05 03:34:27,989 [INFO] DB: upserted 11 rows.
2025-12-05 03:34:33,603 [INFO] DB: upserted 19 rows.
2025-12-05 03:34:39,295 [INFO] DB: upserted 20 rows.
2025-12-05 03:34:44,951 [INFO] DB: upserted 10 rows.
2025-12-05 03:34:50,466 [INFO] DB: upserted 20 rows.
2025-12-05 03:34:55,747 [INFO] DB: upserted 10 rows.
2025-12-05 03:35:01,026 [INFO] DB: upserted 11 rows.
2025-12-05 03:35:06,390 [INFO] DB: upserted 19 rows.
2025-12-05 03:35:12,268 [INFO] DB: upserted 20 rows.
2025-12-05 03:35:17,815 [INFO] DB: upserted 10 rows.
2025-12-05 03:35:23,344 [INFO] DB: upserted 20 rows.
2025-12-05 03:35:28,941 [INFO] DB: upserted 20 rows.
2025-12-05 03:35:34,125 [INFO] DB: upserted 11 rows.
2025-12-05 03:35:39,769 [INFO] DB: upserted 19 rows.
2025-12-05 03:35:45,615 [INFO] DB: upserted 20 rows.
2025-12-05 03:35:50,692 [INFO] DB: upserted 20 rows.
2025-12-05 03:35:56,487 [INFO] DB: upserted 20 rows.
2025-12-05 03:36:02,143 [INFO] DB: upserted 20 rows.
2025-12-05 03:36:07,886 [INFO] DB: upserted 20 rows.
2025-12-05 03:36:13,185 [INFO] DB: upserted 20 rows.
2025-12-05 03:36:18,784 [INFO] DB: upserted 20 rows.
2025-12-05 03:36:24,267 [INFO] DB: upserted 10 rows.
2025-12-05 03:36:29,503 [INFO] DB: upserted 20 rows.
2025-12-05 03:36:34,986 [INFO] DB: upserted 10 rows.
2025-12-05 03:36:40,492 [INFO] DB: upserted 20 rows.
2025-12-05 03:36:45,995 [INFO] DB: upserted 10 rows.
2025-12-05 03:36:51,361 [INFO] DB: upserted 20 rows.
2025-12-05 03:36:56,742 [INFO] DB: upserted 10 rows.
2025-12-05 03:37:02,358 [INFO] DB: upserted 20 rows.
2025-12-05 03:37:07,690 [INFO] DB: upserted 11 rows.
2025-12-05 03:37:13,060 [INFO] DB: upserted 19 rows.
2025-12-05 03:37:18,896 [INFO] DB: upserted 20 rows.
2025-12-05 03:37:24,434 [INFO] DB: upserted 10 rows.
2025-12-05 03:37:30,391 [INFO] DB: upserted 20 rows.
2025-12-05 03:37:35,584 [INFO] DB: upserted 11 rows.
2025-12-05 03:37:41,105 [INFO] DB: upserted 19 rows.
2025-12-05 03:37:46,967 [INFO] DB: upserted 20 rows.
2025-12-05 03:37:52,277 [INFO] DB: upserted 11 rows.
2025-12-05 03:37:57,566 [INFO] DB: upserted 19 rows.
2025-12-05 03:38:03,506 [INFO] DB: upserted 20 rows.
2025-12-05 03:38:09,144 [INFO] DB: upserted 10 rows.
2025-12-05 03:38:14,992 [INFO] DB: upserted 20 rows.
2025-12-05 03:38:20,700 [INFO] DB: upserted 20 rows.
2025-12-05 03:38:25,860 [INFO] DB: upserted 10 rows.
2025-12-05 03:38:30,903 [INFO] DB: upserted 20 rows.
2025-12-05 03:38:36,132 [INFO] DB: upserted 11 rows.
2025-12-05 03:38:41,825 [INFO] DB: upserted 20 rows.
2025-12-05 03:38:47,529 [INFO] DB: upserted 19 rows.
2025-12-05 03:38:52,663 [INFO] DB: upserted 20 rows.
2025-12-05 03:38:58,638 [INFO] DB: upserted 20 rows.
2025-12-05 03:39:04,237 [INFO] DB: upserted 20 rows.
2025-12-05 03:39:09,311 [INFO] DB: upserted 11 rows.
2025-12-05 03:39:14,755 [INFO] DB: upserted 19 rows.
2025-12-05 03:39:20,723 [INFO] DB: upserted 20 rows.
2025-12-05 03:39:26,710 [INFO] DB: upserted 10 rows.
2025-12-05 03:39:32,607 [INFO] DB: upserted 20 rows.
2025-12-05 03:39:37,686 [INFO] DB: upserted 11 rows.
2025-12-05 03:39:42,967 [INFO] DB: upserted 19 rows.
2025-12-05 03:39:48,938 [INFO] DB: upserted 20 rows.
2025-12-05 03:39:54,252 [INFO] DB: upserted 11 rows.
2025-12-05 03:39:59,704 [INFO] DB: upserted 20 rows.
2025-12-05 03:40:05,116 [INFO] DB: upserted 20 rows.
2025-12-05 03:40:10,270 [INFO] DB: upserted 19 rows.
2025-12-05 03:40:16,133 [INFO] DB: upserted 20 rows.
2025-12-05 03:40:21,781 [INFO] DB: upserted 20 rows.
2025-12-05 03:40:26,840 [INFO] DB: upserted 11 rows.
2025-12-05 03:40:32,254 [INFO] DB: upserted 19 rows.
2025-12-05 03:40:37,535 [INFO] DB: upserted 11 rows.
2025-12-05 03:40:42,942 [ERROR] Scraper error — retrying in 10s.
Traceback (most recent call last):
  File "D:\Tender System\TenderSystem\run.py", line 324, in scraper_worker
    rows = await scrape_single_page_to_rows(page, page_no)
  File "D:\Tender System\TenderSystem\run.py", line 212, in scrape_single_page_to_rows
    await page.mouse.wheel(0, 2000)
  File "D:\Tender System\venv\lib\site-packages\playwright\async_api\_generated.py", line 1590, in wheel
    await self._impl_obj.wheel(deltaX=delta_x, deltaY=delta_y)
  File "D:\Tender System\venv\lib\site-packages\playwright\_impl\_input.py", line 101, in wheel
    await self._channel.send("mouseWheel", None, locals_to_params(locals()))
  File "D:\Tender System\venv\lib\site-packages\playwright\_impl\_connection.py", line 69, in send
    return await self._connection.wrap_api_call(
  File "D:\Tender System\venv\lib\site-packages\playwright\_impl\_connection.py", line 559, in wrap_api_call
    raise rewrite_error(error, f"{parsed_st['apiName']}: {error}") from None
playwright._impl._errors.TargetClosedError: Mouse.wheel: Target page, context or browser has been closed
2025-12-05 03:40:43,357 [INFO] DB: upserted 19 rows.
2025-12-05 03:51:29,423 [INFO] Loaded ML relevancy model and vectorizer.
2025-12-05 03:51:40,452 [INFO] Loaded Diagnostic keywords: D:\Tender System\TenderSystem\app\data\keywords_diagnostic.csv
2025-12-05 03:51:40,750 [INFO] Loaded Endo keywords: D:\Tender System\TenderSystem\app\data\keywords_endo.csv
2025-12-05 03:51:40,750 [INFO] Matcher initialized with loaded KeywordStore.
2025-12-05 03:51:40,759 [INFO] Scraper starting...
2025-12-05 03:51:40,760 [INFO] DB consumer starting...
2025-12-05 03:51:57,877 [INFO] Applying sorting: Bid Start Date -> Latest
2025-12-05 03:52:00,153 [INFO] Found 43368 records across 4337 pages.
2025-12-05 03:52:01,969 [INFO] DB: upserted 1 rows.
2025-12-05 03:52:07,182 [INFO] DB: upserted 19 rows.
2025-12-05 03:52:12,805 [INFO] DB: upserted 20 rows.
2025-12-05 03:52:18,721 [INFO] DB: upserted 20 rows.
2025-12-05 03:52:24,052 [INFO] DB: upserted 20 rows.
2025-12-05 03:52:29,176 [INFO] DB: upserted 10 rows.
2025-12-05 03:52:34,740 [INFO] DB: upserted 20 rows.
2025-12-05 03:52:40,433 [INFO] DB: upserted 20 rows.
2025-12-05 03:52:45,779 [INFO] DB: upserted 20 rows.
2025-12-05 03:52:50,958 [INFO] DB: upserted 11 rows.
2025-12-05 03:52:56,116 [INFO] DB: upserted 19 rows.
2025-12-05 03:53:01,493 [INFO] DB: upserted 20 rows.
2025-12-05 03:53:06,568 [INFO] DB: upserted 11 rows.
2025-12-05 03:53:12,394 [INFO] DB: upserted 19 rows.
2025-12-05 03:53:17,513 [INFO] DB: upserted 20 rows.
2025-12-05 03:53:23,430 [INFO] DB: upserted 20 rows.
2025-12-05 03:53:28,494 [INFO] DB: upserted 20 rows.
2025-12-05 03:53:33,644 [INFO] DB: upserted 10 rows.
2025-12-05 03:53:38,930 [INFO] DB: upserted 20 rows.
2025-12-05 03:53:44,070 [INFO] DB: upserted 20 rows.
2025-12-05 03:53:49,191 [INFO] DB: upserted 10 rows.
2025-12-05 03:53:54,397 [INFO] DB: upserted 20 rows.
2025-12-05 03:53:59,467 [INFO] DB: upserted 20 rows.
2025-12-05 03:54:04,681 [INFO] DB: upserted 10 rows.
2025-12-05 03:54:10,021 [INFO] DB: upserted 20 rows.
2025-12-05 03:54:15,889 [INFO] DB: upserted 20 rows.
2025-12-05 03:54:21,029 [INFO] DB: upserted 20 rows.
2025-12-05 03:54:26,231 [INFO] DB: upserted 10 rows.
2025-12-05 03:54:31,723 [INFO] DB: upserted 20 rows.
2025-12-05 03:54:37,520 [INFO] DB: upserted 20 rows.
2025-12-05 03:54:43,161 [INFO] DB: upserted 20 rows.
2025-12-05 03:54:48,354 [INFO] DB: upserted 10 rows.
2025-12-05 03:54:53,694 [INFO] DB: upserted 20 rows.
2025-12-05 03:54:58,725 [INFO] DB: upserted 20 rows.
2025-12-05 03:55:03,849 [INFO] DB: upserted 11 rows.
2025-12-05 03:55:09,364 [INFO] DB: upserted 19 rows.
2025-12-05 03:55:15,272 [INFO] DB: upserted 20 rows.
2025-12-05 03:55:21,019 [INFO] DB: upserted 20 rows.
2025-12-05 03:55:26,261 [INFO] DB: upserted 20 rows.
2025-12-05 03:55:31,402 [INFO] DB: upserted 11 rows.
2025-12-05 03:55:37,393 [INFO] DB: upserted 19 rows.
2025-12-05 03:55:42,642 [INFO] DB: upserted 20 rows.
2025-12-05 03:55:47,847 [INFO] DB: upserted 20 rows.
2025-12-05 03:55:53,040 [INFO] DB: upserted 10 rows.
2025-12-05 03:55:58,189 [INFO] DB: upserted 20 rows.
2025-12-05 03:56:03,539 [INFO] DB: upserted 20 rows.
2025-12-05 03:56:08,727 [INFO] DB: upserted 11 rows.
2025-12-05 03:56:13,888 [INFO] DB: upserted 19 rows.
2025-12-05 03:56:18,981 [INFO] DB: upserted 20 rows.
2025-12-05 03:56:24,110 [INFO] DB: upserted 10 rows.
2025-12-05 03:56:29,640 [INFO] DB: upserted 20 rows.
2025-12-05 03:56:35,127 [INFO] DB: upserted 20 rows.
2025-12-05 03:56:40,425 [INFO] DB: upserted 11 rows.
2025-12-05 03:56:45,610 [INFO] DB: upserted 19 rows.
2025-12-05 03:56:51,198 [INFO] DB: upserted 20 rows.
2025-12-05 03:56:56,269 [INFO] DB: upserted 10 rows.
2025-12-05 03:57:01,764 [INFO] DB: upserted 20 rows.
2025-12-05 03:57:07,062 [INFO] DB: upserted 20 rows.
2025-12-05 03:57:13,077 [INFO] DB: upserted 20 rows.
2025-12-05 03:57:18,115 [INFO] DB: upserted 11 rows.
2025-12-05 03:57:23,316 [INFO] DB: upserted 19 rows.
2025-12-05 03:57:28,583 [INFO] DB: upserted 20 rows.
2025-12-05 03:57:33,791 [INFO] DB: upserted 10 rows.
2025-12-05 03:57:38,942 [INFO] DB: upserted 20 rows.
2025-12-05 03:57:44,390 [INFO] DB: upserted 20 rows.
2025-12-05 03:57:49,484 [INFO] DB: upserted 10 rows.
2025-12-05 03:57:54,772 [INFO] DB: upserted 20 rows.
2025-12-05 03:57:59,941 [INFO] DB: upserted 20 rows.
2025-12-05 03:58:05,013 [INFO] DB: upserted 10 rows.
2025-12-05 03:58:10,236 [INFO] DB: upserted 20 rows.
2025-12-05 03:58:15,689 [INFO] DB: upserted 20 rows.
2025-12-05 03:58:20,796 [INFO] DB: upserted 10 rows.
2025-12-05 03:58:25,990 [INFO] DB: upserted 20 rows.
2025-12-05 03:58:31,245 [INFO] DB: upserted 10 rows.
2025-12-05 03:58:36,658 [INFO] DB: upserted 20 rows.
2025-12-05 03:58:42,621 [INFO] DB: upserted 10 rows.
2025-12-05 03:58:47,917 [INFO] DB: upserted 20 rows.
2025-12-05 03:58:53,490 [INFO] DB: upserted 10 rows.
2025-12-05 03:58:58,539 [INFO] DB: upserted 20 rows.
2025-12-05 03:59:03,984 [INFO] DB: upserted 10 rows.
2025-12-05 03:59:09,803 [INFO] DB: upserted 20 rows.
2025-12-05 03:59:15,663 [INFO] DB: upserted 20 rows.
2025-12-05 03:59:21,097 [INFO] DB: upserted 10 rows.
2025-12-05 03:59:26,299 [INFO] DB: upserted 20 rows.
2025-12-05 03:59:32,067 [INFO] DB: upserted 10 rows.
2025-12-05 03:59:37,851 [INFO] DB: upserted 20 rows.
2025-12-05 03:59:43,393 [INFO] DB: upserted 10 rows.
2025-12-05 03:59:49,391 [INFO] DB: upserted 20 rows.
2025-12-05 03:59:55,388 [INFO] DB: upserted 20 rows.
2025-12-05 04:00:52,805 [INFO] Loaded ML relevancy model and vectorizer.
2025-12-05 04:00:56,945 [INFO] Loaded Diagnostic keywords: D:\Tender System\TenderSystem\app\data\keywords_diagnostic.csv
2025-12-05 04:00:57,133 [INFO] Loaded Endo keywords: D:\Tender System\TenderSystem\app\data\keywords_endo.csv
2025-12-05 04:00:57,135 [INFO] Matcher initialized with loaded KeywordStore.
2025-12-05 04:00:57,138 [INFO] Scraper starting...
2025-12-05 04:00:57,138 [INFO] DB consumer starting...
2025-12-05 04:01:02,037 [INFO] Applying sorting: Bid Start Date -> Latest
2025-12-05 04:01:04,225 [INFO] Found 43368 records across 4337 pages.
2025-12-05 04:01:05,740 [INFO] DB: upserted 1 rows.
2025-12-05 04:01:11,375 [INFO] DB: upserted 20 rows.
2025-12-05 04:01:16,825 [INFO] DB: upserted 20 rows.
2025-12-05 04:01:22,333 [INFO] DB: upserted 20 rows.
2025-12-05 04:01:27,723 [INFO] DB: upserted 20 rows.
2025-12-05 04:01:33,283 [INFO] DB: upserted 20 rows.
2025-12-05 04:01:38,729 [INFO] DB: upserted 20 rows.
2025-12-05 04:01:44,261 [INFO] DB: upserted 20 rows.
2025-12-05 04:01:49,794 [INFO] DB: upserted 20 rows.
2025-12-05 04:01:55,033 [INFO] DB: upserted 20 rows.
2025-12-05 04:02:00,394 [INFO] DB: upserted 20 rows.
2025-12-05 04:02:06,031 [INFO] DB: upserted 20 rows.
2025-12-05 04:02:11,398 [INFO] DB: upserted 20 rows.
2025-12-05 04:02:16,725 [INFO] DB: upserted 20 rows.
2025-12-05 04:02:22,258 [INFO] DB: upserted 20 rows.
2025-12-05 04:02:27,612 [INFO] DB: upserted 20 rows.
2025-12-05 04:02:33,260 [INFO] DB: upserted 20 rows.
2025-12-05 04:02:38,617 [INFO] DB: upserted 20 rows.
2025-12-05 04:02:44,182 [INFO] DB: upserted 20 rows.
2025-12-05 04:02:49,681 [INFO] DB: upserted 20 rows.
2025-12-05 04:02:55,138 [INFO] DB: upserted 20 rows.
2025-12-05 04:03:00,943 [INFO] DB: upserted 19 rows.
2025-12-05 04:03:06,057 [INFO] DB: upserted 20 rows.
2025-12-05 04:03:11,432 [INFO] DB: upserted 20 rows.
2025-12-05 04:03:17,116 [INFO] DB: upserted 20 rows.
2025-12-05 04:03:23,116 [INFO] DB: upserted 10 rows.
2025-12-05 04:03:28,848 [INFO] DB: upserted 20 rows.
2025-12-05 04:03:34,807 [INFO] DB: upserted 20 rows.
2025-12-05 04:03:40,148 [INFO] DB: upserted 10 rows.
2025-12-05 04:03:45,214 [INFO] DB: upserted 20 rows.
2025-12-05 04:03:50,550 [INFO] DB: upserted 20 rows.
2025-12-05 04:03:55,986 [INFO] DB: upserted 20 rows.
2025-12-05 04:04:01,471 [INFO] DB: upserted 20 rows.
2025-12-05 04:04:07,267 [INFO] DB: upserted 20 rows.
2025-12-05 04:04:12,609 [INFO] DB: upserted 20 rows.
2025-12-05 04:04:18,057 [INFO] DB: upserted 20 rows.
2025-12-05 04:04:23,469 [INFO] DB: upserted 20 rows.
2025-12-05 04:04:28,858 [INFO] DB: upserted 20 rows.
2025-12-05 04:04:34,135 [INFO] DB: upserted 20 rows.
2025-12-05 04:04:39,670 [INFO] DB: upserted 20 rows.
2025-12-05 04:04:44,854 [INFO] DB: upserted 20 rows.
2025-12-05 04:04:50,188 [INFO] DB: upserted 20 rows.
2025-12-05 04:04:55,636 [INFO] DB: upserted 20 rows.
2025-12-05 04:05:00,967 [INFO] DB: upserted 20 rows.
2025-12-05 04:05:06,340 [INFO] DB: upserted 20 rows.
2025-12-05 04:05:11,681 [INFO] DB: upserted 20 rows.
2025-12-05 04:05:17,107 [INFO] DB: upserted 20 rows.
2025-12-05 04:05:22,482 [INFO] DB: upserted 20 rows.
2025-12-05 04:05:28,041 [INFO] DB: upserted 20 rows.
2025-12-05 04:05:33,419 [INFO] DB: upserted 20 rows.
2025-12-05 04:05:38,934 [INFO] DB: upserted 20 rows.
2025-12-05 04:05:44,416 [INFO] DB: upserted 20 rows.
2025-12-05 04:05:49,946 [INFO] DB: upserted 20 rows.
2025-12-05 04:05:55,445 [INFO] DB: upserted 20 rows.
2025-12-05 04:06:01,112 [INFO] DB: upserted 20 rows.
2025-12-05 04:06:06,591 [INFO] DB: upserted 20 rows.
2025-12-05 04:06:12,093 [INFO] DB: upserted 20 rows.
2025-12-05 04:06:17,605 [INFO] DB: upserted 20 rows.
2025-12-05 04:06:23,144 [INFO] DB: upserted 20 rows.
2025-12-05 04:06:28,860 [INFO] DB: upserted 20 rows.
2025-12-05 04:06:34,185 [INFO] DB: upserted 20 rows.
2025-12-05 04:06:39,923 [INFO] DB: upserted 11 rows.
2025-12-05 04:06:45,655 [INFO] DB: upserted 19 rows.
2025-12-05 04:06:51,009 [INFO] DB: upserted 11 rows.
2025-12-05 04:06:56,869 [INFO] DB: upserted 19 rows.
2025-12-05 04:07:02,009 [INFO] DB: upserted 10 rows.
2025-12-05 04:07:07,064 [INFO] DB: upserted 11 rows.
2025-12-05 04:07:12,209 [INFO] DB: upserted 19 rows.
2025-12-05 04:07:17,644 [INFO] DB: upserted 11 rows.
2025-12-05 04:07:23,065 [INFO] DB: upserted 19 rows.
2025-12-05 04:07:28,343 [INFO] DB: upserted 20 rows.
2025-12-05 04:07:33,683 [INFO] DB: upserted 20 rows.
2025-12-05 04:07:39,343 [INFO] DB: upserted 20 rows.
2025-12-05 04:07:44,760 [INFO] DB: upserted 20 rows.
2025-12-05 04:07:50,215 [INFO] DB: upserted 20 rows.
2025-12-05 04:07:55,813 [INFO] DB: upserted 20 rows.
2025-12-05 04:08:01,479 [INFO] DB: upserted 20 rows.
2025-12-05 04:08:07,236 [INFO] DB: upserted 20 rows.
2025-12-05 04:08:12,684 [INFO] DB: upserted 20 rows.
2025-12-05 04:08:18,088 [INFO] DB: upserted 20 rows.
2025-12-05 04:08:23,427 [INFO] DB: upserted 20 rows.
2025-12-05 13:40:38,177 [INFO] Loaded ML relevancy model and vectorizer.
2025-12-05 13:40:57,308 [INFO] Loaded Diagnostic keywords: D:\Tender System\TenderSystem\app\data\keywords_diagnostic.csv
2025-12-05 13:40:58,052 [INFO] Loaded Endo keywords: D:\Tender System\TenderSystem\app\data\keywords_endo.csv
2025-12-05 13:40:58,052 [INFO] Matcher initialized with loaded KeywordStore.
2025-12-05 13:40:58,058 [INFO] Scraper starting...
2025-12-05 13:40:58,058 [INFO] DB consumer starting...
2025-12-05 13:41:25,266 [INFO] Applying sorting: Bid Start Date -> Latest
2025-12-05 13:41:27,798 [INFO] Found 43407 records across 4341 pages.
2025-12-05 13:41:31,501 [INFO] DB: upserted 1 rows.
2025-12-05 13:41:36,936 [INFO] DB: upserted 19 rows.
2025-12-05 13:41:42,222 [INFO] DB: upserted 10 rows.
2025-12-05 13:41:47,873 [INFO] DB: upserted 10 rows.
2025-12-05 13:41:52,974 [INFO] DB: upserted 10 rows.
2025-12-05 13:41:58,435 [INFO] DB: upserted 20 rows.
2025-12-05 13:42:03,871 [INFO] DB: upserted 10 rows.
2025-12-05 13:42:08,923 [INFO] DB: upserted 11 rows.
2025-12-05 13:42:14,854 [INFO] DB: upserted 19 rows.
2025-12-05 13:42:20,865 [INFO] DB: upserted 20 rows.
2025-12-05 13:42:26,774 [INFO] DB: upserted 20 rows.
2025-12-05 13:42:32,064 [INFO] DB: upserted 10 rows.
2025-12-05 13:42:37,392 [INFO] DB: upserted 10 rows.
2025-12-05 13:42:43,242 [INFO] DB: upserted 20 rows.
2025-12-05 13:42:49,001 [INFO] DB: upserted 20 rows.
2025-12-05 13:42:54,528 [INFO] DB: upserted 10 rows.
2025-12-05 13:42:59,562 [INFO] DB: upserted 11 rows.
2025-12-05 13:43:04,737 [INFO] DB: upserted 19 rows.
2025-12-05 13:43:09,776 [INFO] DB: upserted 10 rows.
2025-12-05 13:43:15,639 [INFO] DB: upserted 20 rows.
2025-12-05 13:43:20,816 [INFO] DB: upserted 10 rows.
2025-12-05 13:43:26,192 [INFO] DB: upserted 20 rows.
2025-12-05 13:43:31,644 [INFO] DB: upserted 10 rows.
2025-12-05 13:43:37,648 [INFO] DB: upserted 20 rows.
2025-12-05 13:43:43,171 [INFO] DB: upserted 10 rows.
2025-12-05 13:43:48,670 [INFO] DB: upserted 20 rows.
2025-12-05 13:43:54,314 [INFO] DB: upserted 10 rows.
2025-12-05 13:43:59,423 [INFO] DB: upserted 20 rows.
2025-12-05 13:44:04,617 [INFO] DB: upserted 10 rows.
2025-12-05 13:44:10,190 [INFO] DB: upserted 10 rows.
2025-12-05 13:44:15,505 [INFO] DB: upserted 20 rows.
2025-12-05 13:44:21,193 [INFO] DB: upserted 10 rows.
2025-12-05 13:44:27,070 [INFO] DB: upserted 20 rows.
2025-12-05 13:44:33,027 [INFO] DB: upserted 20 rows.
2025-12-05 13:44:38,444 [INFO] DB: upserted 10 rows.
2025-12-05 13:44:43,503 [INFO] DB: upserted 20 rows.
2025-12-05 13:44:49,021 [INFO] DB: upserted 10 rows.
2025-12-05 13:44:54,210 [INFO] DB: upserted 20 rows.
2025-12-05 13:44:59,677 [INFO] DB: upserted 10 rows.
2025-12-05 13:45:04,759 [INFO] DB: upserted 20 rows.
2025-12-05 13:45:10,027 [INFO] DB: upserted 10 rows.
2025-12-05 13:45:15,740 [INFO] DB: upserted 20 rows.
2025-12-05 13:45:20,859 [INFO] DB: upserted 10 rows.
2025-12-05 13:45:26,818 [INFO] DB: upserted 20 rows.
2025-12-05 13:45:31,908 [INFO] DB: upserted 11 rows.
2025-12-05 13:45:37,490 [INFO] DB: upserted 19 rows.
2025-12-05 13:45:42,882 [INFO] DB: upserted 11 rows.
2025-12-05 13:45:47,918 [INFO] DB: upserted 19 rows.
2025-12-05 13:45:53,852 [INFO] DB: upserted 10 rows.
2025-12-05 13:45:59,885 [INFO] DB: upserted 20 rows.
2025-12-05 13:46:05,557 [INFO] DB: upserted 10 rows.
2025-12-05 13:46:10,816 [INFO] DB: upserted 20 rows.
2025-12-05 13:46:16,495 [INFO] DB: upserted 10 rows.
2025-12-05 13:46:22,113 [INFO] DB: upserted 11 rows.
2025-12-05 13:46:27,987 [INFO] DB: upserted 19 rows.
2025-12-05 13:46:34,029 [INFO] DB: upserted 20 rows.
2025-12-05 13:46:39,248 [INFO] DB: upserted 10 rows.
2025-12-05 13:46:44,849 [INFO] DB: upserted 20 rows.
2025-12-05 13:46:50,817 [INFO] DB: upserted 10 rows.
2025-12-05 13:46:56,678 [INFO] DB: upserted 20 rows.
2025-12-05 13:47:02,567 [INFO] DB: upserted 20 rows.
2025-12-05 13:47:07,994 [INFO] DB: upserted 10 rows.
2025-12-05 13:47:13,184 [INFO] DB: upserted 20 rows.
2025-12-05 13:47:18,844 [INFO] DB: upserted 10 rows.
2025-12-05 13:47:24,519 [INFO] DB: upserted 20 rows.
2025-12-05 13:47:29,547 [INFO] DB: upserted 11 rows.
2025-12-05 13:47:35,108 [INFO] DB: upserted 19 rows.
2025-12-05 13:47:41,014 [INFO] DB: upserted 20 rows.
2025-12-05 13:47:46,393 [INFO] DB: upserted 10 rows.
2025-12-05 13:47:52,393 [INFO] DB: upserted 20 rows.
2025-12-05 13:47:58,360 [INFO] DB: upserted 20 rows.
2025-12-05 13:48:03,805 [INFO] DB: upserted 10 rows.
2025-12-05 13:48:09,676 [INFO] DB: upserted 20 rows.
2025-12-05 13:48:14,782 [INFO] DB: upserted 11 rows.
2025-12-05 13:48:20,615 [INFO] DB: upserted 19 rows.
2025-12-05 13:48:26,502 [INFO] DB: upserted 20 rows.
2025-12-05 13:48:31,862 [INFO] DB: upserted 10 rows.
2025-12-05 13:48:37,147 [INFO] DB: upserted 20 rows.
2025-12-05 13:48:42,176 [INFO] DB: upserted 10 rows.
2025-12-05 13:48:47,943 [INFO] DB: upserted 20 rows.
2025-12-05 13:48:53,416 [INFO] DB: upserted 10 rows.
2025-12-05 13:48:59,316 [INFO] DB: upserted 20 rows.
2025-12-05 13:49:05,165 [INFO] DB: upserted 11 rows.
2025-12-05 13:49:10,521 [INFO] DB: upserted 19 rows.
2025-12-05 13:49:16,143 [INFO] DB: upserted 10 rows.
2025-12-05 13:49:21,713 [INFO] DB: upserted 20 rows.
2025-12-05 13:49:26,740 [INFO] DB: upserted 10 rows.
2025-12-05 13:49:31,828 [INFO] DB: upserted 20 rows.
2025-12-05 13:49:37,273 [INFO] DB: upserted 10 rows.
2025-12-05 13:49:42,550 [INFO] DB: upserted 20 rows.
2025-12-05 13:49:47,871 [INFO] DB: upserted 10 rows.
2025-12-05 13:49:53,086 [INFO] DB: upserted 20 rows.
2025-12-05 13:49:58,986 [INFO] DB: upserted 10 rows.
2025-12-05 13:50:04,982 [INFO] DB: upserted 20 rows.
2025-12-05 13:50:10,071 [INFO] DB: upserted 11 rows.
2025-12-05 13:50:15,615 [INFO] DB: upserted 19 rows.
2025-12-05 13:50:21,261 [INFO] DB: upserted 20 rows.
2025-12-05 13:50:26,690 [INFO] DB: upserted 10 rows.
2025-12-05 13:50:31,900 [INFO] DB: upserted 20 rows.
2025-12-05 13:50:37,537 [INFO] DB: upserted 10 rows.
2025-12-05 13:50:42,898 [INFO] DB: upserted 11 rows.
2025-12-05 13:50:48,738 [INFO] DB: upserted 19 rows.
2025-12-05 13:50:54,241 [INFO] DB: upserted 10 rows.
2025-12-05 13:50:58,164 [INFO] Snapshot saved: snapshot_2025-12-05_13-50-58.csv
2025-12-05 13:51:00,204 [INFO] DB: upserted 20 rows.
2025-12-05 13:51:05,541 [INFO] DB: upserted 11 rows.
2025-12-05 13:51:10,949 [INFO] DB: upserted 19 rows.
2025-12-05 13:51:16,801 [INFO] DB: upserted 20 rows.
2025-12-05 13:51:22,311 [INFO] DB: upserted 10 rows.
2025-12-05 13:51:28,239 [INFO] DB: upserted 20 rows.
2025-12-05 13:51:33,266 [INFO] DB: upserted 10 rows.
2025-12-05 17:08:17,232 [INFO] Loaded ML relevancy model and vectorizer.
2025-12-05 17:08:22,843 [INFO] Loaded Diagnostic keywords: D:\Tender System\TenderSystem\app\data\keywords_diagnostic.csv
2025-12-05 17:08:23,327 [INFO] Loaded Endo keywords: D:\Tender System\TenderSystem\app\data\keywords_endo.csv
2025-12-05 17:08:23,328 [INFO] Matcher initialized with loaded KeywordStore.
2025-12-05 17:08:23,339 [INFO] Scraper starting...
2025-12-05 17:08:23,356 [INFO] DB consumer starting...
2025-12-05 17:09:29,946 [INFO] Loaded ML relevancy model and vectorizer.
2025-12-05 17:09:34,900 [INFO] Loaded Diagnostic keywords: D:\Tender System\TenderSystem\app\data\keywords_diagnostic.csv
2025-12-05 17:09:35,095 [INFO] Loaded Endo keywords: D:\Tender System\TenderSystem\app\data\keywords_endo.csv
2025-12-05 17:09:35,095 [INFO] Matcher initialized with loaded KeywordStore.
2025-12-05 17:09:35,097 [INFO] Scraper starting...
2025-12-05 17:09:35,097 [INFO] DB consumer starting...
2025-12-05 17:09:40,827 [INFO] Applying sorting: Bid Start Date -> Latest
2025-12-05 17:09:43,097 [INFO] Found 43398 records across 4340 pages.
2025-12-05 17:09:45,015 [INFO] DB: upserted 1 rows.
2025-12-05 17:09:50,870 [INFO] DB: upserted 19 rows.
2025-12-05 17:09:56,370 [INFO] DB: upserted 20 rows.
2025-12-05 17:10:02,330 [INFO] DB: upserted 20 rows.
2025-12-05 17:10:07,484 [INFO] DB: upserted 10 rows.
2025-12-05 17:10:12,943 [INFO] DB: upserted 20 rows.
2025-12-05 17:10:18,447 [INFO] DB: upserted 20 rows.
2025-12-05 17:10:23,879 [INFO] DB: upserted 11 rows.
2025-12-05 17:10:29,271 [INFO] DB: upserted 19 rows.
2025-12-05 17:10:34,993 [INFO] DB: upserted 20 rows.
2025-12-05 17:10:40,475 [INFO] DB: upserted 10 rows.
2025-12-05 17:10:46,061 [INFO] DB: upserted 20 rows.
2025-12-05 17:10:51,653 [INFO] DB: upserted 20 rows.
2025-12-05 17:10:56,911 [INFO] DB: upserted 10 rows.
2025-12-05 17:11:02,489 [INFO] DB: upserted 20 rows.
2025-12-05 17:11:08,397 [INFO] DB: upserted 20 rows.
2025-12-05 17:11:13,767 [INFO] DB: upserted 10 rows.
2025-12-05 17:11:19,490 [INFO] DB: upserted 20 rows.
2025-12-05 17:11:25,254 [INFO] DB: upserted 20 rows.
2025-12-05 17:11:30,723 [INFO] DB: upserted 10 rows.
2025-12-05 17:11:36,410 [INFO] DB: upserted 20 rows.
2025-12-05 17:11:42,025 [INFO] DB: upserted 20 rows.
2025-12-05 17:11:47,234 [INFO] DB: upserted 10 rows.
2025-12-05 17:11:52,686 [INFO] DB: upserted 20 rows.
2025-12-05 17:11:57,887 [INFO] DB: upserted 11 rows.
2025-12-05 17:12:03,647 [INFO] DB: upserted 19 rows.
2025-12-05 17:12:09,638 [INFO] DB: upserted 20 rows.
2025-12-05 17:12:15,147 [INFO] DB: upserted 10 rows.
2025-12-05 17:12:20,348 [INFO] DB: upserted 20 rows.
2025-12-05 17:12:26,193 [INFO] DB: upserted 10 rows.
2025-12-05 17:12:31,760 [INFO] DB: upserted 20 rows.
2025-12-05 17:12:37,390 [INFO] DB: upserted 10 rows.
2025-12-05 17:12:43,074 [INFO] DB: upserted 20 rows.
2025-12-05 17:12:48,698 [INFO] DB: upserted 20 rows.
2025-12-05 17:12:54,267 [INFO] DB: upserted 10 rows.
2025-12-05 17:12:59,657 [INFO] DB: upserted 20 rows.
2025-12-05 17:13:05,632 [INFO] DB: upserted 20 rows.
2025-12-05 17:13:11,312 [INFO] DB: upserted 10 rows.
2025-12-05 17:13:16,991 [INFO] DB: upserted 20 rows.
2025-12-05 17:13:22,800 [INFO] DB: upserted 20 rows.
2025-12-05 17:13:28,398 [INFO] DB: upserted 10 rows.
2025-12-05 17:13:33,967 [INFO] DB: upserted 20 rows.
2025-12-05 17:13:39,376 [INFO] DB: upserted 20 rows.
2025-12-05 17:13:44,548 [INFO] DB: upserted 10 rows.
2025-12-05 17:13:50,020 [INFO] DB: upserted 20 rows.
2025-12-05 17:13:55,884 [INFO] DB: upserted 20 rows.
2025-12-05 17:14:01,571 [INFO] DB: upserted 10 rows.
2025-12-05 17:14:07,366 [INFO] DB: upserted 20 rows.
2025-12-05 17:14:12,970 [INFO] DB: upserted 10 rows.
2025-12-05 17:14:18,813 [INFO] DB: upserted 20 rows.
2025-12-05 17:14:24,586 [INFO] DB: upserted 20 rows.
2025-12-05 17:14:29,965 [INFO] DB: upserted 11 rows.
2025-12-05 17:14:35,323 [INFO] DB: upserted 19 rows.
2025-12-05 17:14:40,731 [INFO] DB: upserted 20 rows.
2025-12-05 17:14:45,948 [INFO] DB: upserted 20 rows.
2025-12-05 17:14:51,365 [INFO] DB: upserted 20 rows.
2025-12-05 17:14:56,930 [INFO] DB: upserted 20 rows.
2025-12-05 17:15:02,517 [INFO] DB: upserted 20 rows.
2025-12-05 17:15:07,972 [INFO] DB: upserted 20 rows.
2025-12-05 17:15:13,478 [INFO] DB: upserted 20 rows.
2025-12-05 17:15:19,428 [INFO] DB: upserted 20 rows.
2025-12-05 17:15:25,400 [INFO] DB: upserted 20 rows.
2025-12-05 17:15:31,374 [INFO] DB: upserted 20 rows.
2025-12-05 17:15:36,590 [INFO] DB: upserted 10 rows.
2025-12-05 17:15:42,382 [INFO] DB: upserted 21 rows.
2025-12-05 17:15:47,566 [INFO] DB: upserted 19 rows.
2025-12-05 17:15:53,129 [INFO] DB: upserted 20 rows.
2025-12-05 17:15:58,546 [INFO] DB: upserted 10 rows.
2025-12-05 17:16:04,422 [INFO] DB: upserted 20 rows.
2025-12-05 17:16:10,206 [INFO] DB: upserted 20 rows.
2025-12-05 17:16:15,479 [INFO] DB: upserted 11 rows.
2025-12-05 17:16:20,947 [INFO] DB: upserted 19 rows.
2025-12-05 17:16:26,028 [INFO] DB: upserted 11 rows.
2025-12-05 17:16:31,440 [INFO] DB: upserted 19 rows.
2025-12-05 17:16:37,274 [INFO] DB: upserted 20 rows.
2025-12-05 17:16:42,852 [INFO] DB: upserted 10 rows.
2025-12-05 17:16:48,671 [INFO] DB: upserted 20 rows.
2025-12-05 17:16:54,584 [INFO] DB: upserted 20 rows.
2025-12-05 17:17:00,371 [INFO] DB: upserted 10 rows.
2025-12-05 17:17:05,402 [INFO] DB: upserted 20 rows.
2025-12-05 17:17:10,566 [INFO] DB: upserted 11 rows.
2025-12-05 17:17:16,357 [INFO] DB: upserted 19 rows.
2025-12-05 17:17:21,974 [INFO] DB: upserted 20 rows.
2025-12-05 17:17:27,925 [INFO] DB: upserted 20 rows.
2025-12-05 17:17:33,746 [INFO] DB: upserted 20 rows.
2025-12-05 17:17:39,302 [INFO] DB: upserted 10 rows.
2025-12-05 17:17:45,248 [INFO] DB: upserted 20 rows.
2025-12-05 17:17:51,194 [INFO] DB: upserted 20 rows.
2025-12-05 17:17:56,862 [INFO] DB: upserted 10 rows.
2025-12-05 17:18:02,768 [INFO] DB: upserted 20 rows.
2025-12-05 17:18:08,460 [INFO] DB: upserted 20 rows.
2025-12-05 17:18:13,738 [INFO] DB: upserted 11 rows.
2025-12-05 17:18:19,168 [INFO] DB: upserted 20 rows.
2025-12-05 17:18:24,198 [INFO] DB: upserted 19 rows.
2025-12-05 17:18:29,439 [INFO] DB: upserted 20 rows.
2025-12-05 17:18:34,677 [INFO] DB: upserted 10 rows.
2025-12-05 17:18:39,793 [INFO] DB: upserted 20 rows.
2025-12-05 17:18:44,888 [INFO] DB: upserted 20 rows.
2025-12-05 17:18:50,630 [INFO] DB: upserted 20 rows.
2025-12-05 17:18:55,948 [INFO] DB: upserted 10 rows.
2025-12-05 17:19:01,683 [INFO] DB: upserted 20 rows.
2025-12-05 17:19:06,784 [INFO] DB: upserted 11 rows.
2025-12-05 17:19:12,326 [INFO] DB: upserted 19 rows.
2025-12-05 17:19:18,255 [INFO] DB: upserted 20 rows.
2025-12-05 17:19:23,519 [INFO] DB: upserted 10 rows.
2025-12-05 17:19:28,975 [INFO] DB: upserted 20 rows.
2025-12-05 17:19:34,633 [INFO] DB: upserted 10 rows.
2025-12-05 17:19:35,702 [INFO] Snapshot saved: snapshot_2025-12-05_17-19-35.csv
2025-12-05 17:19:39,992 [INFO] DB: upserted 11 rows.
2025-12-05 17:19:45,264 [INFO] DB: upserted 19 rows.
2025-12-05 17:19:51,223 [INFO] DB: upserted 20 rows.
2025-12-05 17:19:56,789 [INFO] DB: upserted 10 rows.
2025-12-05 17:20:02,077 [INFO] DB: upserted 20 rows.
2025-12-05 17:20:07,390 [INFO] DB: upserted 10 rows.
2025-12-05 17:20:12,545 [INFO] DB: upserted 20 rows.
2025-12-05 17:20:18,504 [INFO] DB: upserted 20 rows.
2025-12-05 17:20:24,344 [INFO] DB: upserted 20 rows.
2025-12-05 17:20:29,694 [INFO] DB: upserted 10 rows.
2025-12-05 17:20:35,449 [INFO] DB: upserted 20 rows.
2025-12-05 17:20:41,204 [INFO] DB: upserted 20 rows.
2025-12-05 17:20:46,613 [INFO] DB: upserted 10 rows.
2025-12-05 17:20:52,269 [INFO] DB: upserted 20 rows.
2025-12-05 17:20:57,521 [INFO] DB: upserted 11 rows.
2025-12-05 17:21:02,994 [INFO] DB: upserted 19 rows.
2025-12-05 17:21:08,032 [INFO] DB: upserted 20 rows.
2025-12-05 17:21:30,709 [INFO] Scraper sleeping for 300s.
2025-12-05 17:27:04,612 [INFO] Applying sorting: Bid Start Date -> Latest
2025-12-05 17:27:06,853 [INFO] Found 43505 records across 4351 pages.
2025-12-05 17:27:08,393 [INFO] DB: upserted 1 rows.
2025-12-05 17:27:13,808 [INFO] DB: upserted 20 rows.
2025-12-05 17:27:19,076 [INFO] DB: upserted 20 rows.
2025-12-05 17:27:24,332 [INFO] DB: upserted 20 rows.
2025-12-05 17:27:29,548 [INFO] DB: upserted 20 rows.
2025-12-05 17:27:35,292 [INFO] DB: upserted 19 rows.
2025-12-05 17:27:40,774 [INFO] DB: upserted 20 rows.
2025-12-05 17:27:46,504 [INFO] DB: upserted 20 rows.
2025-12-05 17:27:52,003 [INFO] DB: upserted 20 rows.
2025-12-05 17:27:57,392 [INFO] DB: upserted 20 rows.
2025-12-05 17:28:02,814 [INFO] DB: upserted 10 rows.
2025-12-05 17:28:07,929 [INFO] DB: upserted 20 rows.
2025-12-05 17:28:13,435 [INFO] DB: upserted 20 rows.
2025-12-05 17:28:18,769 [INFO] DB: upserted 20 rows.
2025-12-05 17:28:24,260 [INFO] DB: upserted 20 rows.
2025-12-05 17:28:29,636 [INFO] DB: upserted 20 rows.
2025-12-05 17:28:35,012 [INFO] DB: upserted 20 rows.
2025-12-05 17:28:40,062 [INFO] DB: upserted 20 rows.
2025-12-05 17:28:45,185 [INFO] DB: upserted 20 rows.
2025-12-05 17:28:50,775 [INFO] DB: upserted 20 rows.
2025-12-05 17:28:56,532 [INFO] DB: upserted 20 rows.
2025-12-05 17:29:01,792 [INFO] DB: upserted 11 rows.
2025-12-05 17:29:07,309 [INFO] DB: upserted 19 rows.
2025-12-05 17:29:12,450 [INFO] DB: upserted 11 rows.
2025-12-05 17:29:17,815 [INFO] DB: upserted 19 rows.
2025-12-05 17:29:23,449 [INFO] DB: upserted 20 rows.
2025-12-05 17:29:28,848 [INFO] DB: upserted 10 rows.
2025-12-05 17:29:34,674 [INFO] DB: upserted 20 rows.
2025-12-05 17:29:36,092 [INFO] Snapshot saved: snapshot_2025-12-05_17-29-36.csv
2025-12-05 17:29:39,907 [INFO] DB: upserted 20 rows.
2025-12-05 17:29:45,320 [INFO] DB: upserted 10 rows.
2025-12-05 17:29:50,436 [INFO] DB: upserted 20 rows.
2025-12-05 17:29:55,514 [INFO] DB: upserted 20 rows.
2025-12-05 17:30:00,617 [INFO] DB: upserted 20 rows.
2025-12-05 17:30:06,473 [INFO] DB: upserted 20 rows.
2025-12-05 17:30:11,942 [INFO] DB: upserted 10 rows.
2025-12-05 17:30:17,823 [INFO] DB: upserted 20 rows.
2025-12-05 17:30:23,666 [INFO] DB: upserted 20 rows.
2025-12-05 17:30:29,605 [INFO] DB: upserted 20 rows.
2025-12-05 17:30:35,504 [INFO] DB: upserted 20 rows.
2025-12-05 17:30:40,889 [INFO] DB: upserted 10 rows.
2025-12-05 17:30:46,390 [INFO] DB: upserted 20 rows.
2025-12-05 17:30:52,290 [INFO] DB: upserted 20 rows.
2025-12-05 17:30:57,485 [INFO] DB: upserted 10 rows.
2025-12-05 17:31:03,048 [INFO] DB: upserted 20 rows.
2025-12-05 17:31:08,741 [INFO] DB: upserted 20 rows.
2025-12-05 17:31:13,967 [INFO] DB: upserted 10 rows.
2025-12-05 17:31:19,236 [INFO] DB: upserted 20 rows.
2025-12-05 17:31:24,731 [INFO] DB: upserted 20 rows.
2025-12-05 17:31:30,053 [INFO] DB: upserted 10 rows.
2025-12-05 17:31:35,687 [INFO] DB: upserted 20 rows.
2025-12-05 17:31:41,048 [INFO] DB: upserted 20 rows.
2025-12-05 17:31:46,554 [INFO] DB: upserted 20 rows.
2025-12-05 17:31:52,255 [INFO] DB: upserted 20 rows.
2025-12-05 17:31:58,020 [INFO] DB: upserted 20 rows.
2025-12-05 17:32:03,695 [INFO] DB: upserted 20 rows.
2025-12-05 17:32:09,031 [INFO] DB: upserted 20 rows.
2025-12-05 17:32:14,260 [INFO] DB: upserted 20 rows.
2025-12-05 17:32:19,762 [INFO] DB: upserted 20 rows.
2025-12-05 17:32:25,227 [INFO] DB: upserted 20 rows.
2025-12-05 17:32:30,742 [INFO] DB: upserted 10 rows.
2025-12-05 17:32:36,497 [INFO] DB: upserted 20 rows.
2025-12-05 17:32:42,182 [INFO] DB: upserted 20 rows.
2025-12-05 17:32:47,460 [INFO] DB: upserted 20 rows.
2025-12-05 17:32:52,813 [INFO] DB: upserted 20 rows.
2025-12-05 17:32:58,280 [INFO] DB: upserted 20 rows.
2025-12-05 17:33:03,707 [INFO] DB: upserted 20 rows.
2025-12-05 17:33:09,498 [INFO] DB: upserted 20 rows.
2025-12-05 17:33:14,536 [INFO] DB: upserted 11 rows.
2025-12-05 17:33:20,070 [INFO] DB: upserted 19 rows.
2025-12-05 17:33:25,777 [INFO] DB: upserted 20 rows.
2025-12-05 17:33:31,409 [INFO] DB: upserted 11 rows.
2025-12-05 17:33:36,937 [INFO] DB: upserted 19 rows.
2025-12-05 17:33:42,498 [INFO] DB: upserted 11 rows.
2025-12-05 17:33:48,301 [INFO] DB: upserted 19 rows.
2025-12-05 17:33:53,532 [INFO] DB: upserted 11 rows.
2025-12-05 17:33:59,224 [INFO] DB: upserted 19 rows.
2025-12-05 17:34:04,764 [INFO] DB: upserted 20 rows.
2025-12-05 17:34:10,231 [INFO] DB: upserted 10 rows.
2025-12-05 17:34:15,819 [INFO] DB: upserted 20 rows.
2025-12-05 17:34:21,746 [INFO] DB: upserted 20 rows.
2025-12-05 17:34:27,126 [INFO] DB: upserted 10 rows.
2025-12-05 17:34:32,977 [INFO] DB: upserted 20 rows.
2025-12-05 17:34:38,903 [INFO] DB: upserted 20 rows.
2025-12-05 17:34:43,978 [INFO] DB: upserted 20 rows.
2025-12-05 17:34:49,270 [INFO] DB: upserted 11 rows.
2025-12-05 17:34:54,809 [INFO] DB: upserted 20 rows.
2025-12-05 17:35:00,404 [INFO] DB: upserted 20 rows.
2025-12-05 17:35:05,958 [INFO] DB: upserted 20 rows.
2025-12-05 17:35:11,228 [INFO] DB: upserted 19 rows.
2025-12-05 17:35:16,715 [INFO] DB: upserted 20 rows.
2025-12-05 17:35:21,992 [INFO] DB: upserted 11 rows.
2025-12-05 17:35:27,256 [INFO] DB: upserted 20 rows.
2025-12-05 17:35:32,986 [INFO] DB: upserted 19 rows.
2025-12-05 17:35:38,214 [INFO] DB: upserted 20 rows.
2025-12-05 17:35:44,198 [INFO] DB: upserted 10 rows.
2025-12-05 17:35:50,048 [INFO] DB: upserted 20 rows.
2025-12-05 17:35:56,423 [INFO] DB: upserted 10 rows.
2025-12-05 17:36:02,030 [INFO] DB: upserted 10 rows.
2025-12-05 17:36:07,426 [INFO] DB: upserted 10 rows.
2025-12-05 17:36:12,631 [INFO] DB: upserted 11 rows.
2025-12-05 17:36:18,264 [INFO] DB: upserted 19 rows.
2025-12-05 17:36:23,850 [INFO] DB: upserted 10 rows.
2025-12-05 17:36:29,304 [INFO] DB: upserted 20 rows.
2025-12-05 17:36:34,401 [INFO] DB: upserted 10 rows.
2025-12-05 17:36:39,453 [INFO] DB: upserted 10 rows.
2025-12-05 17:36:44,792 [INFO] DB: upserted 11 rows.
2025-12-05 17:36:49,832 [INFO] DB: upserted 19 rows.
2025-12-05 17:36:54,903 [INFO] DB: upserted 10 rows.
2025-12-05 17:37:00,217 [INFO] DB: upserted 10 rows.
2025-12-05 17:37:05,314 [INFO] DB: upserted 20 rows.
2025-12-05 17:37:11,308 [INFO] DB: upserted 10 rows.
2025-12-05 17:37:16,608 [INFO] DB: upserted 20 rows.
2025-12-05 17:37:21,832 [INFO] DB: upserted 11 rows.
2025-12-05 17:37:27,040 [INFO] DB: upserted 19 rows.
2025-12-05 17:37:32,116 [INFO] DB: upserted 10 rows.
2025-12-05 17:37:37,529 [INFO] DB: upserted 11 rows.
2025-12-05 17:37:43,067 [INFO] DB: upserted 19 rows.
2025-12-05 17:37:48,858 [INFO] DB: upserted 10 rows.
2025-12-05 17:37:54,762 [INFO] DB: upserted 20 rows.
2025-12-05 17:38:00,569 [INFO] DB: upserted 10 rows.
2025-12-05 17:38:06,183 [INFO] DB: upserted 20 rows.
2025-12-05 17:38:11,873 [INFO] DB: upserted 10 rows.
2025-12-05 17:38:17,540 [INFO] DB: upserted 20 rows.
2025-12-05 17:38:23,433 [INFO] DB: upserted 10 rows.
2025-12-05 17:38:28,808 [INFO] DB: upserted 20 rows.
2025-12-05 17:38:34,449 [INFO] DB: upserted 10 rows.
2025-12-05 17:38:39,872 [INFO] DB: upserted 20 rows.
2025-12-05 17:38:45,534 [INFO] DB: upserted 10 rows.
2025-12-05 17:38:51,120 [INFO] DB: upserted 20 rows.
2025-12-05 17:38:56,928 [INFO] DB: upserted 10 rows.
2025-12-05 17:39:02,603 [INFO] DB: upserted 20 rows.
2025-12-05 17:39:08,275 [INFO] DB: upserted 10 rows.
2025-12-05 17:39:13,727 [INFO] DB: upserted 20 rows.
2025-12-05 17:39:19,397 [INFO] DB: upserted 10 rows.
2025-12-05 17:39:24,928 [INFO] DB: upserted 20 rows.
2025-12-05 17:39:30,560 [INFO] DB: upserted 10 rows.
2025-12-05 17:39:36,068 [INFO] DB: upserted 20 rows.
2025-12-05 17:39:37,118 [INFO] Snapshot saved: snapshot_2025-12-05_17-39-37.csv
2025-12-05 17:39:41,846 [INFO] DB: upserted 10 rows.
2025-12-05 17:39:47,471 [INFO] DB: upserted 20 rows.
2025-12-05 17:39:53,278 [INFO] DB: upserted 10 rows.
2025-12-05 17:39:58,955 [INFO] DB: upserted 20 rows.
2025-12-05 17:40:04,648 [INFO] DB: upserted 10 rows.
2025-12-05 17:40:10,100 [INFO] DB: upserted 20 rows.
2025-12-05 17:40:16,062 [INFO] DB: upserted 10 rows.
2025-12-05 17:40:21,853 [INFO] DB: upserted 20 rows.
2025-12-05 17:40:27,760 [INFO] DB: upserted 10 rows.
2025-12-05 17:40:33,404 [INFO] DB: upserted 20 rows.
2025-12-05 17:40:39,210 [INFO] DB: upserted 10 rows.
2025-12-05 17:40:45,023 [INFO] DB: upserted 20 rows.
2025-12-05 17:40:51,035 [INFO] DB: upserted 10 rows.
2025-12-05 17:40:56,901 [INFO] DB: upserted 20 rows.
2025-12-05 17:41:02,690 [INFO] DB: upserted 10 rows.
2025-12-05 17:41:08,176 [INFO] DB: upserted 20 rows.
2025-12-05 17:41:14,098 [INFO] DB: upserted 10 rows.
2025-12-05 17:41:20,033 [INFO] DB: upserted 20 rows.
2025-12-05 17:41:25,994 [INFO] DB: upserted 10 rows.
2025-12-05 17:41:31,819 [INFO] DB: upserted 20 rows.
2025-12-05 17:41:37,651 [INFO] DB: upserted 10 rows.
2025-12-05 17:41:43,219 [INFO] DB: upserted 20 rows.
2025-12-05 17:41:48,506 [INFO] DB: upserted 10 rows.
2025-12-05 17:41:54,333 [INFO] DB: upserted 11 rows.
2025-12-05 17:42:00,241 [INFO] DB: upserted 19 rows.
2025-12-05 17:42:05,635 [INFO] DB: upserted 11 rows.
2025-12-05 17:42:11,257 [INFO] DB: upserted 19 rows.
2025-12-05 17:42:16,847 [INFO] DB: upserted 11 rows.
2025-12-05 17:42:22,704 [INFO] DB: upserted 19 rows.
2025-12-05 17:42:28,294 [INFO] DB: upserted 11 rows.
2025-12-05 17:42:33,992 [INFO] DB: upserted 19 rows.
2025-12-05 17:42:39,211 [INFO] DB: upserted 11 rows.
2025-12-05 17:42:44,950 [INFO] DB: upserted 19 rows.
2025-12-05 17:42:50,378 [INFO] DB: upserted 11 rows.
2025-12-05 17:42:56,070 [INFO] DB: upserted 19 rows.
2025-12-05 17:43:01,507 [INFO] DB: upserted 11 rows.
2025-12-05 17:43:07,364 [INFO] DB: upserted 19 rows.
2025-12-05 17:43:12,816 [INFO] DB: upserted 11 rows.
2025-12-05 17:43:17,852 [INFO] DB: upserted 19 rows.
2025-12-05 17:43:23,755 [INFO] DB: upserted 10 rows.
2025-12-05 17:43:29,769 [INFO] DB: upserted 20 rows.
2025-12-05 17:43:35,140 [INFO] DB: upserted 10 rows.
2025-12-05 17:43:40,435 [INFO] DB: upserted 20 rows.
2025-12-05 17:43:45,563 [INFO] DB: upserted 20 rows.
2025-12-05 17:43:51,208 [INFO] DB: upserted 20 rows.
2025-12-05 17:43:56,512 [INFO] DB: upserted 20 rows.
2025-12-05 17:44:01,814 [INFO] DB: upserted 20 rows.
2025-12-05 17:44:07,003 [INFO] DB: upserted 20 rows.
2025-12-05 17:44:12,238 [INFO] DB: upserted 20 rows.
2025-12-05 17:44:17,506 [INFO] DB: upserted 20 rows.
2025-12-05 17:44:22,952 [INFO] DB: upserted 20 rows.
2025-12-05 17:44:28,320 [INFO] DB: upserted 20 rows.
2025-12-05 17:44:33,440 [INFO] DB: upserted 10 rows.
2025-12-05 17:44:39,039 [INFO] DB: upserted 21 rows.
2025-12-05 17:44:44,890 [INFO] DB: upserted 19 rows.
2025-12-05 17:44:50,221 [INFO] DB: upserted 21 rows.
2025-12-05 17:44:55,490 [INFO] DB: upserted 20 rows.
2025-12-05 17:45:00,952 [INFO] DB: upserted 20 rows.
2025-12-05 17:45:06,103 [INFO] DB: upserted 19 rows.
2025-12-05 17:45:11,921 [INFO] DB: upserted 20 rows.
2025-12-05 17:45:16,967 [INFO] DB: upserted 10 rows.
2025-12-05 17:45:22,820 [INFO] DB: upserted 21 rows.
2025-12-05 17:45:28,165 [INFO] DB: upserted 19 rows.
2025-12-05 17:45:33,730 [INFO] DB: upserted 20 rows.
2025-12-05 17:45:39,137 [INFO] DB: upserted 20 rows.
2025-12-05 17:45:44,562 [INFO] DB: upserted 20 rows.
2025-12-05 17:45:50,534 [INFO] DB: upserted 20 rows.
2025-12-05 17:45:55,722 [INFO] DB: upserted 20 rows.
2025-12-05 17:46:00,748 [INFO] DB: upserted 11 rows.
2025-12-05 17:46:05,766 [INFO] DB: upserted 19 rows.
2025-12-05 17:46:11,686 [INFO] DB: upserted 20 rows.
2025-12-05 17:46:16,840 [INFO] DB: upserted 20 rows.
2025-12-05 17:46:22,470 [INFO] DB: upserted 20 rows.
2025-12-05 17:46:27,486 [INFO] DB: upserted 11 rows.
2025-12-05 17:46:33,164 [INFO] DB: upserted 20 rows.
2025-12-05 17:46:38,856 [INFO] DB: upserted 20 rows.
2025-12-05 17:46:44,668 [INFO] DB: upserted 20 rows.
2025-12-05 17:46:50,481 [INFO] DB: upserted 20 rows.
2025-12-05 17:46:56,231 [INFO] DB: upserted 20 rows.
2025-12-05 17:47:01,357 [INFO] DB: upserted 19 rows.
2025-12-05 17:47:06,616 [INFO] DB: upserted 20 rows.
2025-12-05 17:47:11,660 [INFO] DB: upserted 11 rows.
2025-12-05 17:47:16,730 [INFO] DB: upserted 19 rows.
2025-12-05 17:47:22,596 [INFO] DB: upserted 20 rows.
2025-12-05 17:47:28,417 [INFO] DB: upserted 20 rows.
2025-12-05 17:47:34,010 [INFO] DB: upserted 20 rows.
2025-12-05 17:47:39,214 [INFO] DB: upserted 20 rows.
2025-12-05 17:47:44,890 [INFO] DB: upserted 20 rows.
2025-12-05 17:47:50,464 [INFO] DB: upserted 20 rows.
2025-12-05 17:47:56,357 [INFO] DB: upserted 20 rows.
2025-12-05 17:48:01,521 [INFO] DB: upserted 11 rows.
2025-12-05 17:48:06,614 [INFO] DB: upserted 19 rows.
2025-12-05 17:48:12,337 [INFO] DB: upserted 20 rows.
2025-12-05 17:48:18,048 [INFO] DB: upserted 20 rows.
2025-12-05 17:48:23,138 [INFO] DB: upserted 20 rows.
2025-12-05 17:48:28,187 [INFO] DB: upserted 10 rows.
2025-12-05 17:48:33,909 [INFO] DB: upserted 21 rows.
2025-12-05 17:48:39,669 [INFO] DB: upserted 20 rows.
2025-12-05 17:48:45,027 [INFO] DB: upserted 20 rows.
2025-12-05 17:48:50,148 [INFO] DB: upserted 20 rows.
2025-12-05 17:48:55,393 [INFO] DB: upserted 20 rows.
2025-12-05 17:49:00,590 [INFO] DB: upserted 20 rows.
2025-12-05 17:49:06,139 [INFO] DB: upserted 19 rows.
2025-12-05 17:49:11,367 [INFO] DB: upserted 20 rows.
2025-12-05 17:49:16,528 [INFO] DB: upserted 20 rows.
2025-12-05 17:49:22,285 [INFO] DB: upserted 20 rows.
2025-12-05 17:49:28,211 [INFO] DB: upserted 20 rows.
2025-12-05 17:49:33,600 [INFO] DB: upserted 20 rows.
2025-12-05 17:49:37,364 [INFO] Snapshot saved: snapshot_2025-12-05_17-49-37.csv
2025-12-05 17:49:38,925 [INFO] DB: upserted 20 rows.
2025-12-05 17:49:44,134 [INFO] DB: upserted 20 rows.
2025-12-05 17:49:49,387 [INFO] DB: upserted 20 rows.
2025-12-05 17:49:54,495 [INFO] DB: upserted 20 rows.
2025-12-05 17:49:59,653 [INFO] DB: upserted 20 rows.
2025-12-05 17:50:04,865 [INFO] DB: upserted 20 rows.
2025-12-05 17:50:10,024 [INFO] DB: upserted 10 rows.
2025-12-05 17:50:15,187 [INFO] DB: upserted 20 rows.
2025-12-05 17:50:20,341 [INFO] DB: upserted 20 rows.
2025-12-05 17:50:25,443 [INFO] DB: upserted 10 rows.
2025-12-05 17:50:30,488 [INFO] DB: upserted 20 rows.
2025-12-05 17:50:35,985 [INFO] DB: upserted 20 rows.
2025-12-05 17:50:41,226 [INFO] DB: upserted 10 rows.
2025-12-05 17:50:46,392 [INFO] DB: upserted 20 rows.
2025-12-05 17:50:51,863 [INFO] DB: upserted 10 rows.
2025-12-05 17:50:57,663 [INFO] DB: upserted 20 rows.
2025-12-05 17:51:03,020 [INFO] DB: upserted 10 rows.
2025-12-05 17:51:08,550 [INFO] DB: upserted 20 rows.
2025-12-05 17:51:14,090 [INFO] DB: upserted 20 rows.
2025-12-05 17:51:19,196 [INFO] DB: upserted 10 rows.
2025-12-05 17:51:24,555 [INFO] DB: upserted 20 rows.
2025-12-05 17:51:30,548 [INFO] DB: upserted 20 rows.
2025-12-05 17:51:35,895 [INFO] DB: upserted 10 rows.
2025-12-05 17:51:41,098 [INFO] DB: upserted 20 rows.
2025-12-05 17:51:46,232 [INFO] DB: upserted 10 rows.
2025-12-05 17:51:52,012 [INFO] DB: upserted 20 rows.
2025-12-05 17:51:57,064 [INFO] DB: upserted 11 rows.
2025-12-05 17:52:02,614 [INFO] DB: upserted 19 rows.
2025-12-05 17:52:08,089 [INFO] DB: upserted 11 rows.
2025-12-05 17:52:13,936 [INFO] DB: upserted 20 rows.
2025-12-05 17:52:18,981 [INFO] DB: upserted 19 rows.
2025-12-05 17:52:24,604 [INFO] DB: upserted 20 rows.
2025-12-05 17:52:30,488 [INFO] DB: upserted 20 rows.
2025-12-05 17:52:36,018 [INFO] DB: upserted 20 rows.
2025-12-05 17:52:41,508 [INFO] DB: upserted 20 rows.
2025-12-05 17:52:46,912 [INFO] DB: upserted 20 rows.
2025-12-05 17:52:52,938 [INFO] DB: upserted 20 rows.
2025-12-05 17:52:58,102 [INFO] DB: upserted 10 rows.
2025-12-05 17:53:03,772 [INFO] DB: upserted 20 rows.
2025-12-05 17:53:08,877 [INFO] DB: upserted 20 rows.
2025-12-05 17:53:14,580 [INFO] DB: upserted 20 rows.
2025-12-05 17:53:20,207 [INFO] DB: upserted 20 rows.
2025-12-05 17:53:26,184 [INFO] DB: upserted 20 rows.
2025-12-05 17:53:31,434 [INFO] DB: upserted 10 rows.
2025-12-05 17:53:37,350 [INFO] DB: upserted 20 rows.
2025-12-05 17:53:42,982 [INFO] DB: upserted 20 rows.
2025-12-05 17:53:48,106 [INFO] DB: upserted 10 rows.
2025-12-05 17:53:53,357 [INFO] DB: upserted 20 rows.
2025-12-05 17:53:58,900 [INFO] DB: upserted 20 rows.
2025-12-05 17:54:04,068 [INFO] DB: upserted 10 rows.
2025-12-05 17:54:09,230 [INFO] DB: upserted 20 rows.
2025-12-05 17:54:14,691 [INFO] DB: upserted 20 rows.
2025-12-05 17:54:20,471 [INFO] DB: upserted 10 rows.
2025-12-05 17:54:26,046 [INFO] DB: upserted 20 rows.
2025-12-05 17:54:31,606 [INFO] DB: upserted 20 rows.
2025-12-05 17:54:36,812 [INFO] DB: upserted 10 rows.
2025-12-05 17:54:41,990 [INFO] DB: upserted 20 rows.
2025-12-05 17:54:47,492 [INFO] DB: upserted 10 rows.
2025-12-05 17:54:52,649 [INFO] DB: upserted 20 rows.
2025-12-05 17:54:58,093 [INFO] DB: upserted 10 rows.
2025-12-05 17:55:03,650 [INFO] DB: upserted 20 rows.
2025-12-05 17:55:09,177 [INFO] DB: upserted 11 rows.
2025-12-05 17:55:14,615 [INFO] DB: upserted 19 rows.
2025-12-05 17:55:20,469 [INFO] DB: upserted 20 rows.
2025-12-05 17:55:25,950 [INFO] DB: upserted 10 rows.
2025-12-05 17:55:31,053 [INFO] DB: upserted 20 rows.
2025-12-05 17:55:36,413 [INFO] DB: upserted 10 rows.
2025-12-05 17:55:42,053 [INFO] DB: upserted 20 rows.
2025-12-05 17:55:47,302 [INFO] DB: upserted 20 rows.
2025-12-05 17:55:52,611 [INFO] DB: upserted 10 rows.
2025-12-05 17:55:57,945 [INFO] DB: upserted 20 rows.
2025-12-05 17:56:03,425 [INFO] DB: upserted 20 rows.
2025-12-05 17:56:08,862 [INFO] DB: upserted 10 rows.
2025-12-05 17:56:14,494 [INFO] DB: upserted 20 rows.
2025-12-05 17:56:20,490 [INFO] DB: upserted 20 rows.
2025-12-05 17:56:25,520 [INFO] DB: upserted 10 rows.
2025-12-05 17:56:31,378 [INFO] DB: upserted 20 rows.
2025-12-05 17:56:36,500 [INFO] DB: upserted 11 rows.
2025-12-05 17:56:41,858 [INFO] DB: upserted 19 rows.
2025-12-05 17:56:46,965 [INFO] DB: upserted 11 rows.
2025-12-05 17:56:52,373 [INFO] DB: upserted 19 rows.
2025-12-05 17:56:58,098 [INFO] DB: upserted 20 rows.
2025-12-05 17:57:04,017 [INFO] DB: upserted 20 rows.
2025-12-05 17:57:09,475 [INFO] DB: upserted 11 rows.
2025-12-05 17:57:14,740 [INFO] DB: upserted 19 rows.
2025-12-05 17:57:20,598 [INFO] DB: upserted 20 rows.
2025-12-05 17:57:25,984 [INFO] DB: upserted 10 rows.
2025-12-05 17:57:31,344 [INFO] DB: upserted 20 rows.
2025-12-05 17:57:37,202 [INFO] DB: upserted 20 rows.
2025-12-05 17:57:42,248 [INFO] DB: upserted 10 rows.
2025-12-05 17:57:47,435 [INFO] DB: upserted 20 rows.
2025-12-05 17:57:52,783 [INFO] DB: upserted 20 rows.
2025-12-05 17:57:58,755 [INFO] DB: upserted 20 rows.
2025-12-05 17:58:04,270 [INFO] DB: upserted 10 rows.
2025-12-05 17:58:10,008 [INFO] DB: upserted 20 rows.
2025-12-05 17:58:15,663 [INFO] DB: upserted 20 rows.
2025-12-05 17:58:21,536 [INFO] DB: upserted 11 rows.
2025-12-05 17:58:26,976 [INFO] DB: upserted 20 rows.
2025-12-05 17:58:32,514 [INFO] DB: upserted 19 rows.
2025-12-05 17:58:37,834 [INFO] DB: upserted 20 rows.
2025-12-05 17:58:43,337 [INFO] DB: upserted 20 rows.
2025-12-05 17:58:48,369 [INFO] DB: upserted 20 rows.
2025-12-05 17:58:53,570 [INFO] DB: upserted 20 rows.
2025-12-05 17:58:58,829 [INFO] DB: upserted 20 rows.
2025-12-05 17:59:04,529 [INFO] DB: upserted 20 rows.
2025-12-05 17:59:09,722 [INFO] DB: upserted 10 rows.
2025-12-05 17:59:15,406 [INFO] DB: upserted 20 rows.
2025-12-05 17:59:21,170 [INFO] DB: upserted 20 rows.
2025-12-05 17:59:26,273 [INFO] DB: upserted 10 rows.
2025-12-05 17:59:32,012 [INFO] DB: upserted 20 rows.
2025-12-05 17:59:37,358 [INFO] DB: upserted 20 rows.
2025-12-05 17:59:38,399 [INFO] Snapshot saved: snapshot_2025-12-05_17-59-38.csv
2025-12-05 17:59:43,108 [INFO] DB: upserted 10 rows.
2025-12-05 17:59:48,683 [INFO] DB: upserted 20 rows.
2025-12-05 17:59:53,969 [INFO] DB: upserted 20 rows.
2025-12-05 17:59:59,184 [INFO] DB: upserted 10 rows.
2025-12-05 18:00:04,980 [INFO] DB: upserted 20 rows.
2025-12-05 18:00:10,486 [INFO] DB: upserted 20 rows.
2025-12-05 18:00:15,745 [INFO] DB: upserted 10 rows.
2025-12-05 18:00:21,333 [INFO] DB: upserted 20 rows.
2025-12-05 18:00:26,620 [INFO] DB: upserted 10 rows.
2025-12-05 18:00:32,550 [INFO] DB: upserted 20 rows.
2025-12-05 18:00:37,956 [INFO] DB: upserted 11 rows.
2025-12-05 18:00:43,195 [INFO] DB: upserted 19 rows.
2025-12-05 18:00:48,447 [INFO] DB: upserted 11 rows.
2025-12-05 18:00:53,737 [INFO] DB: upserted 19 rows.
2025-12-05 18:00:58,779 [INFO] DB: upserted 20 rows.
2025-12-05 18:01:04,232 [INFO] DB: upserted 10 rows.
2025-12-05 18:01:10,124 [INFO] DB: upserted 20 rows.
2025-12-05 18:01:15,802 [INFO] DB: upserted 20 rows.
2025-12-05 18:02:34,347 [INFO] Loaded ML relevancy model and vectorizer.
2025-12-05 18:02:46,463 [INFO] Loaded Diagnostic keywords: D:\Tender System\TenderSystem\app\data\keywords_diagnostic.csv
2025-12-05 18:02:46,650 [INFO] Loaded Endo keywords: D:\Tender System\TenderSystem\app\data\keywords_endo.csv
2025-12-05 18:02:46,651 [INFO] Matcher initialized with loaded KeywordStore.
2025-12-05 18:02:46,653 [INFO] Scraper starting...
2025-12-05 18:02:46,653 [INFO] DB consumer starting...
2025-12-05 18:03:08,342 [INFO] Applying sorting: Bid Start Date -> Latest
2025-12-05 18:03:10,574 [INFO] Found 43474 records across 4348 pages.
2025-12-05 18:03:12,030 [INFO] DB: upserted 1 rows.
2025-12-05 18:03:17,539 [INFO] DB: upserted 20 rows.
2025-12-05 18:03:22,912 [INFO] DB: upserted 20 rows.
2025-12-05 18:03:28,179 [INFO] DB: upserted 20 rows.
2025-12-05 18:03:33,560 [INFO] DB: upserted 20 rows.
2025-12-05 18:03:39,101 [INFO] DB: upserted 19 rows.
2025-12-05 18:03:44,157 [INFO] DB: upserted 20 rows.
2025-12-05 18:03:49,642 [INFO] DB: upserted 20 rows.
2025-12-05 18:03:55,178 [INFO] DB: upserted 11 rows.
2025-12-05 18:04:00,579 [INFO] DB: upserted 19 rows.
2025-12-05 18:04:05,603 [INFO] DB: upserted 10 rows.
2025-12-05 18:04:11,195 [INFO] DB: upserted 20 rows.
2025-12-05 18:04:16,290 [INFO] DB: upserted 11 rows.
2025-12-05 18:04:21,743 [INFO] DB: upserted 19 rows.
2025-12-05 18:04:27,625 [INFO] DB: upserted 10 rows.
2025-12-05 18:04:33,114 [INFO] DB: upserted 20 rows.
2025-12-05 18:04:39,008 [INFO] DB: upserted 10 rows.
2025-12-05 18:04:44,270 [INFO] DB: upserted 20 rows.
2025-12-05 18:04:49,652 [INFO] DB: upserted 10 rows.
2025-12-05 18:14:53,884 [INFO] Loaded ML relevancy model and vectorizer.
2025-12-05 18:14:58,017 [INFO] Loaded Diagnostic keywords: D:\Tender System\TenderSystem\app\data\keywords_diagnostic.csv
2025-12-05 18:14:58,183 [INFO] Loaded Endo keywords: D:\Tender System\TenderSystem\app\data\keywords_endo.csv
2025-12-05 18:14:58,184 [INFO] Matcher initialized with loaded KeywordStore.
2025-12-05 18:14:58,185 [INFO] Scraper starting...
2025-12-05 18:14:58,186 [INFO] DB consumer starting...
2025-12-05 18:15:04,672 [INFO] Applying sorting: Bid Start Date -> Latest
2025-12-05 18:15:06,907 [INFO] Found 43467 records across 4347 pages.
2025-12-05 18:15:08,390 [INFO] DB: upserted 1 rows.
2025-12-05 18:15:13,882 [INFO] DB: upserted 20 rows.
2025-12-05 18:15:19,262 [INFO] DB: upserted 20 rows.
2025-12-05 18:15:24,782 [INFO] DB: upserted 20 rows.
2025-12-05 18:15:30,283 [INFO] DB: upserted 20 rows.
2025-12-05 18:15:35,749 [INFO] DB: upserted 20 rows.
2025-12-05 18:15:41,058 [INFO] DB: upserted 20 rows.
2025-12-05 18:15:46,403 [INFO] DB: upserted 20 rows.
2025-12-05 18:15:51,758 [INFO] DB: upserted 20 rows.
2025-12-05 18:15:57,138 [INFO] DB: upserted 20 rows.
2025-12-05 18:16:02,310 [INFO] DB: upserted 20 rows.
2025-12-05 18:16:07,660 [INFO] DB: upserted 20 rows.
2025-12-05 18:16:12,814 [INFO] DB: upserted 20 rows.
2025-12-05 18:16:18,172 [INFO] DB: upserted 20 rows.
2025-12-05 18:16:23,397 [INFO] DB: upserted 20 rows.
2025-12-05 18:16:28,625 [INFO] DB: upserted 20 rows.
2025-12-05 18:16:34,065 [INFO] DB: upserted 20 rows.
2025-12-05 18:16:39,355 [INFO] DB: upserted 20 rows.
2025-12-05 18:16:44,477 [INFO] DB: upserted 20 rows.
2025-12-05 18:16:49,777 [INFO] DB: upserted 20 rows.
2025-12-05 18:16:55,205 [INFO] DB: upserted 20 rows.
2025-12-05 18:17:01,126 [INFO] DB: upserted 19 rows.
2025-12-05 18:17:06,598 [INFO] DB: upserted 20 rows.
2025-12-05 18:17:12,202 [INFO] DB: upserted 10 rows.
2025-12-05 18:17:17,613 [INFO] DB: upserted 20 rows.
2025-12-05 18:17:22,734 [INFO] DB: upserted 11 rows.
2025-12-05 18:17:28,238 [INFO] DB: upserted 19 rows.
2025-12-05 18:17:33,854 [INFO] DB: upserted 20 rows.
2025-12-05 18:17:39,140 [INFO] DB: upserted 10 rows.
2025-12-05 18:17:44,640 [INFO] DB: upserted 20 rows.
2025-12-05 18:17:50,292 [INFO] DB: upserted 20 rows.
2025-12-05 18:17:55,568 [INFO] DB: upserted 10 rows.
2025-12-05 18:18:01,106 [INFO] DB: upserted 20 rows.
2025-12-05 18:18:06,706 [INFO] DB: upserted 20 rows.
2025-12-05 18:18:11,858 [INFO] DB: upserted 10 rows.
2025-12-05 18:18:17,438 [INFO] DB: upserted 20 rows.
2025-12-05 18:18:23,187 [INFO] DB: upserted 20 rows.
2025-12-05 18:18:28,427 [INFO] DB: upserted 10 rows.
2025-12-05 18:18:33,974 [INFO] DB: upserted 20 rows.
2025-12-05 18:18:39,588 [INFO] DB: upserted 20 rows.
2025-12-05 18:18:44,985 [INFO] DB: upserted 10 rows.
2025-12-05 18:18:50,864 [INFO] DB: upserted 20 rows.
2025-12-05 18:18:55,888 [INFO] DB: upserted 11 rows.
2025-12-05 18:19:01,187 [INFO] DB: upserted 19 rows.
2025-12-05 18:19:06,391 [INFO] DB: upserted 11 rows.
2025-12-05 18:19:11,692 [INFO] DB: upserted 19 rows.
2025-12-05 18:19:17,554 [INFO] DB: upserted 20 rows.
2025-12-05 18:19:23,519 [INFO] DB: upserted 10 rows.
2025-12-05 18:19:28,637 [INFO] DB: upserted 11 rows.
2025-12-05 18:19:34,500 [INFO] DB: upserted 19 rows.
2025-12-05 18:19:39,741 [INFO] DB: upserted 11 rows.
2025-12-05 18:19:45,183 [INFO] DB: upserted 19 rows.
2025-12-05 18:19:50,277 [INFO] DB: upserted 11 rows.
2025-12-05 18:19:55,737 [INFO] DB: upserted 19 rows.
2025-12-05 18:20:01,222 [INFO] DB: upserted 20 rows.
2025-12-05 18:20:06,608 [INFO] DB: upserted 10 rows.
2025-12-05 18:20:12,469 [INFO] DB: upserted 20 rows.
2025-12-05 18:20:17,526 [INFO] DB: upserted 11 rows.
2025-12-05 18:20:22,870 [INFO] DB: upserted 19 rows.
2025-12-05 18:20:28,674 [INFO] DB: upserted 20 rows.
2025-12-05 18:20:34,045 [INFO] DB: upserted 10 rows.
2025-12-05 18:20:39,761 [INFO] DB: upserted 20 rows.
2025-12-05 18:20:45,039 [INFO] DB: upserted 11 rows.
2025-12-05 18:20:50,444 [INFO] DB: upserted 19 rows.
2025-12-05 18:20:56,400 [INFO] DB: upserted 20 rows.
2025-12-05 18:21:01,805 [INFO] DB: upserted 10 rows.
2025-12-05 18:21:06,934 [INFO] DB: upserted 20 rows.
2025-12-05 18:21:12,513 [INFO] DB: upserted 10 rows.
2025-12-05 18:21:17,608 [INFO] DB: upserted 20 rows.
2025-12-05 18:21:23,175 [INFO] DB: upserted 10 rows.
2025-12-05 18:21:29,043 [INFO] DB: upserted 20 rows.
2025-12-05 18:21:34,800 [INFO] DB: upserted 20 rows.
2025-12-05 18:21:40,222 [INFO] DB: upserted 10 rows.
2025-12-05 18:21:46,142 [INFO] DB: upserted 20 rows.
2025-12-05 18:21:51,890 [INFO] DB: upserted 20 rows.
2025-12-05 18:21:57,316 [INFO] DB: upserted 10 rows.
2025-12-05 18:22:03,157 [INFO] DB: upserted 20 rows.
2025-12-05 18:22:08,696 [INFO] DB: upserted 11 rows.
2025-12-05 18:22:14,153 [INFO] DB: upserted 19 rows.
2025-12-05 18:22:19,186 [INFO] DB: upserted 10 rows.
2025-12-05 18:22:24,584 [INFO] DB: upserted 20 rows.
2025-12-05 18:22:29,945 [INFO] DB: upserted 10 rows.
2025-12-05 18:22:35,210 [INFO] DB: upserted 20 rows.
2025-12-05 18:22:40,826 [INFO] DB: upserted 10 rows.
2025-12-05 18:22:46,690 [INFO] DB: upserted 20 rows.
2025-12-05 18:22:52,370 [INFO] DB: upserted 20 rows.
2025-12-05 18:22:57,908 [INFO] DB: upserted 20 rows.
2025-12-05 18:23:03,708 [INFO] DB: upserted 20 rows.
2025-12-05 18:23:08,762 [INFO] DB: upserted 10 rows.
2025-12-05 18:23:13,886 [INFO] DB: upserted 20 rows.
2025-12-05 18:23:19,798 [INFO] DB: upserted 20 rows.
2025-12-05 18:23:25,366 [INFO] DB: upserted 20 rows.
2025-12-05 18:23:31,234 [INFO] DB: upserted 20 rows.
2025-12-05 18:23:37,068 [INFO] DB: upserted 20 rows.
2025-12-05 18:23:42,759 [INFO] DB: upserted 20 rows.
